2018-12-22 08:26:24,924 manager INFO 1.1.0
2018-12-22 08:26:24,924 manager INFO Copyright (C) 2003-2010
2018-12-22 08:26:24,924 manager INFO   Noriaki Ando
2018-12-22 08:26:24,924 manager INFO   Intelligent Systems Research Institute, AIST
2018-12-22 08:26:24,924 manager INFO Manager starting.
2018-12-22 08:26:24,924 manager INFO Starting local logging.
2018-12-22 08:26:24,927 manager.namingmanager INFO NameServer connection succeeded: corba/localhost
2018-12-22 08:26:24,929 ManagerServant INFO Master manager not found
2018-12-22 08:26:24,929 LocalServiceAdmin INFO All the local services are enabled.
2018-12-22 08:26:24,932 manager INFO Component type conf file: Deep_LearningRTC.conf loaded.
2018-12-22 08:26:24,933 ec_base INFO setRate(1000000.000000) done
2018-12-22 08:26:24,933 ec_base INFO setRate(1000.000000) done
2018-12-22 08:26:24,933 rtobject INFO 1 execution context was created.
2018-12-22 08:26:24,937 rtobject INFO Initial active configuration set is default.
2018-12-22 08:28:10,786 SdoServiceAdmin WARNING No available SDO service in the factory: 
2018-12-22 08:28:10,786 SdoServiceAdmin ERROR type  already exists.
2018-12-22 08:28:10,790 SdoServiceAdmin WARNING No available SDO service in the factory: IDL:OpenRTM/ComponentObserver:1.0
2018-12-22 08:28:10,790 SdoServiceAdmin ERROR type 40edcf1f-0707-40d3-b76b-abd603ddf377 already exists.
2018-12-22 08:30:49,679 ec_base WARNING The component is not responding.
2018-12-22 08:30:51,257 ec_base ERROR Unknown error: Invalid state transition.
2018-12-22 08:30:53,323 inString WARNING buffer empty
2018-12-22 08:30:53,448 inString WARNING buffer empty
2018-12-22 08:30:53,573 inString WARNING buffer empty
2018-12-22 08:30:53,693 inString WARNING buffer empty
2018-12-22 08:30:53,817 inString WARNING buffer empty
2018-12-22 08:30:53,941 inString WARNING buffer empty
2018-12-22 08:30:54,065 inString WARNING buffer empty
2018-12-22 08:30:54,185 inString WARNING buffer empty
2018-12-22 08:30:54,308 inString WARNING buffer empty
2018-12-22 08:30:54,432 inString WARNING buffer empty
2018-12-22 08:30:54,557 inString WARNING buffer empty
2018-12-22 08:30:54,676 inString WARNING buffer empty
2018-12-22 08:30:54,800 inString WARNING buffer empty
2018-12-22 08:30:54,925 inString WARNING buffer empty
2018-12-22 08:30:55,048 inString WARNING buffer empty
2018-12-22 08:30:55,168 inString WARNING buffer empty
2018-12-22 08:30:55,293 inString WARNING buffer empty
2018-12-22 08:30:55,416 inString WARNING buffer empty
2018-12-22 08:30:55,540 inString WARNING buffer empty
2018-12-22 08:30:55,661 inString WARNING buffer empty
2018-12-22 08:30:55,784 inString WARNING buffer empty
2018-12-22 08:30:55,908 inString WARNING buffer empty
2018-12-22 08:30:56,032 inString WARNING buffer empty
2018-12-22 08:30:56,153 inString WARNING buffer empty
2018-12-22 08:30:56,276 inString WARNING buffer empty
2018-12-22 08:30:56,400 inString WARNING buffer empty
2018-12-22 08:30:56,524 inString WARNING buffer empty
2018-12-22 08:30:56,645 inString WARNING buffer empty
2018-12-22 08:30:56,759 inString WARNING buffer empty
2018-12-22 08:30:56,870 inString WARNING buffer empty
2018-12-22 08:30:56,982 inString WARNING buffer empty
2018-12-22 08:30:57,093 inString WARNING buffer empty
2018-12-22 08:30:57,206 inString WARNING buffer empty
2018-12-22 08:30:57,320 inString WARNING buffer empty
2018-12-22 08:30:57,434 inString WARNING buffer empty
2018-12-22 08:30:57,547 inString WARNING buffer empty
2018-12-22 08:30:57,661 inString WARNING buffer empty
2018-12-22 08:30:57,775 inString WARNING buffer empty
2018-12-22 08:30:57,888 inString WARNING buffer empty
2018-12-22 08:30:58,004 inString WARNING buffer empty
2018-12-22 08:30:58,117 inString WARNING buffer empty
2018-12-22 08:30:58,240 inString WARNING buffer empty
2018-12-22 08:30:58,362 inString WARNING buffer empty
2018-12-22 08:30:58,484 inString WARNING buffer empty
2018-12-22 08:30:58,610 inString WARNING buffer empty
2018-12-22 08:30:58,734 inString WARNING buffer empty
2018-12-22 08:30:58,853 inString WARNING buffer empty
2018-12-22 08:30:58,977 inString WARNING buffer empty
2018-12-22 08:30:59,101 inString WARNING buffer empty
2018-12-22 08:30:59,224 inString WARNING buffer empty
2018-12-22 08:30:59,345 inString WARNING buffer empty
2018-12-22 08:30:59,469 inString WARNING buffer empty
2018-12-22 08:30:59,592 inString WARNING buffer empty
2018-12-22 08:30:59,716 inString WARNING buffer empty
2018-12-22 08:30:59,837 inString WARNING buffer empty
2018-12-22 08:30:59,961 inString WARNING buffer empty
2018-12-22 08:31:00,084 inString WARNING buffer empty
2018-12-22 08:31:00,208 inString WARNING buffer empty
2018-12-22 08:31:00,329 inString WARNING buffer empty
2018-12-22 08:31:00,453 inString WARNING buffer empty
2018-12-22 08:31:00,576 inString WARNING buffer empty
2018-12-22 08:31:00,703 inString WARNING buffer empty
2018-12-22 08:31:00,822 inString WARNING buffer empty
2018-12-22 08:31:00,945 inString WARNING buffer empty
2018-12-22 08:31:01,060 inString WARNING buffer empty
2018-12-22 08:31:01,171 inString WARNING buffer empty
2018-12-22 08:31:01,289 inString WARNING buffer empty
2018-12-22 08:31:01,402 inString WARNING buffer empty
2018-12-22 08:31:01,514 inString WARNING buffer empty
2018-12-22 08:31:01,626 inString WARNING buffer empty
2018-12-22 08:31:01,741 inString WARNING buffer empty
2018-12-22 08:31:01,856 inString WARNING buffer empty
2018-12-22 08:31:01,970 inString WARNING buffer empty
2018-12-22 08:31:02,083 inString WARNING buffer empty
2018-12-22 08:31:02,201 inString WARNING buffer empty
2018-12-22 08:31:02,320 inString WARNING buffer empty
2018-12-22 08:31:02,434 inString WARNING buffer empty
2018-12-22 08:31:02,550 inString WARNING buffer empty
2018-12-22 08:31:02,669 inString WARNING buffer empty
2018-12-22 08:31:02,786 inString WARNING buffer empty
2018-12-22 08:31:02,902 inString WARNING buffer empty
2018-12-22 08:31:03,015 inString WARNING buffer empty
2018-12-22 08:31:03,129 inString WARNING buffer empty
2018-12-22 08:31:03,247 inString WARNING buffer empty
2018-12-22 08:31:03,364 inString WARNING buffer empty
2018-12-22 08:31:03,479 inString WARNING buffer empty
2018-12-22 08:31:03,591 inString WARNING buffer empty
2018-12-22 08:31:03,707 inString WARNING buffer empty
2018-12-22 08:31:03,820 inString WARNING buffer empty
2018-12-22 08:31:03,932 inString WARNING buffer empty
2018-12-22 08:31:04,044 inString WARNING buffer empty
2018-12-22 08:31:04,156 inString WARNING buffer empty
2018-12-22 08:31:04,271 inString WARNING buffer empty
2018-12-22 08:31:04,383 inString WARNING buffer empty
2018-12-22 08:31:04,497 inString WARNING buffer empty
2018-12-22 08:31:04,616 inString WARNING buffer empty
2018-12-22 08:31:04,733 inString WARNING buffer empty
2018-12-22 08:31:04,845 inString WARNING buffer empty
2018-12-22 08:31:04,958 inString WARNING buffer empty
2018-12-22 08:31:05,072 inString WARNING buffer empty
2018-12-22 08:31:05,185 inString WARNING buffer empty
2018-12-22 08:31:05,300 inString WARNING buffer empty
2018-12-22 08:31:05,417 inString WARNING buffer empty
2018-12-22 08:31:05,531 inString WARNING buffer empty
2018-12-22 08:31:05,647 inString WARNING buffer empty
2018-12-22 08:31:05,761 inString WARNING buffer empty
2018-12-22 08:31:05,875 inString WARNING buffer empty
2018-12-22 08:31:05,990 inString WARNING buffer empty
2018-12-22 08:31:06,105 inString WARNING buffer empty
2018-12-22 08:31:06,220 inString WARNING buffer empty
2018-12-22 08:31:06,336 inString WARNING buffer empty
2018-12-22 08:31:06,453 inString WARNING buffer empty
2018-12-22 08:31:06,572 inString WARNING buffer empty
2018-12-22 08:31:06,696 inString WARNING buffer empty
2018-12-22 08:31:06,820 inString WARNING buffer empty
2018-12-22 08:31:06,944 inString WARNING buffer empty
2018-12-22 08:31:07,066 inString WARNING buffer empty
2018-12-22 08:31:07,190 inString WARNING buffer empty
2018-12-22 08:31:07,314 inString WARNING buffer empty
2018-12-22 08:31:07,437 inString WARNING buffer empty
2018-12-22 08:31:07,557 inString WARNING buffer empty
2018-12-22 08:31:07,681 inString WARNING buffer empty
2018-12-22 08:31:07,804 inString WARNING buffer empty
2018-12-22 08:31:07,929 inString WARNING buffer empty
2018-12-22 08:31:08,048 inString WARNING buffer empty
2018-12-22 08:31:08,173 inString WARNING buffer empty
2018-12-22 08:31:08,297 inString WARNING buffer empty
2018-12-22 08:31:08,422 inString WARNING buffer empty
2018-12-22 08:31:08,540 inString WARNING buffer empty
2018-12-22 08:31:08,665 inString WARNING buffer empty
2018-12-22 08:31:08,790 inString WARNING buffer empty
2018-12-22 08:31:08,914 inString WARNING buffer empty
2018-12-22 08:31:09,034 inString WARNING buffer empty
2018-12-22 08:31:09,157 inString WARNING buffer empty
2018-12-22 08:31:09,281 inString WARNING buffer empty
2018-12-22 08:31:09,405 inString WARNING buffer empty
2018-12-22 08:31:09,519 inString WARNING buffer empty
2018-12-22 08:31:09,636 inString WARNING buffer empty
2018-12-22 08:31:09,752 inString WARNING buffer empty
2018-12-22 08:31:09,865 inString WARNING buffer empty
2018-12-22 08:31:09,976 inString WARNING buffer empty
2018-12-22 08:31:10,090 inString WARNING buffer empty
2018-12-22 08:31:10,204 inString WARNING buffer empty
2018-12-22 08:31:10,322 inString WARNING buffer empty
2018-12-22 08:31:10,437 inString WARNING buffer empty
2018-12-22 08:31:10,550 inString WARNING buffer empty
2018-12-22 08:31:10,674 inString WARNING buffer empty
2018-12-22 08:31:10,794 inString WARNING buffer empty
2018-12-22 08:31:10,917 inString WARNING buffer empty
2018-12-22 08:31:11,042 inString WARNING buffer empty
2018-12-22 08:31:11,165 inString WARNING buffer empty
2018-12-22 08:31:11,285 inString WARNING buffer empty
2018-12-22 08:31:11,409 inString WARNING buffer empty
2018-12-22 08:31:11,533 inString WARNING buffer empty
2018-12-22 08:31:11,656 inString WARNING buffer empty
2018-12-22 08:31:11,776 inString WARNING buffer empty
2018-12-22 08:31:11,900 inString WARNING buffer empty
2018-12-22 08:31:12,025 inString WARNING buffer empty
2018-12-22 08:31:12,148 inString WARNING buffer empty
2018-12-22 08:31:12,268 inString WARNING buffer empty
2018-12-22 08:31:12,393 inString WARNING buffer empty
2018-12-22 08:31:12,517 inString WARNING buffer empty
2018-12-22 08:31:12,641 inString WARNING buffer empty
2018-12-22 08:31:12,761 inString WARNING buffer empty
2018-12-22 08:31:12,879 inString WARNING buffer empty
2018-12-22 08:31:12,991 inString WARNING buffer empty
2018-12-22 08:31:13,106 inString WARNING buffer empty
2018-12-22 08:31:13,219 inString WARNING buffer empty
2018-12-22 08:31:13,334 inString WARNING buffer empty
2018-12-22 08:31:13,451 inString WARNING buffer empty
2018-12-22 08:31:13,566 inString WARNING buffer empty
2018-12-22 08:31:13,680 inString WARNING buffer empty
2018-12-22 08:31:13,793 inString WARNING buffer empty
2018-12-22 08:31:13,907 inString WARNING buffer empty
2018-12-22 08:31:14,019 inString WARNING buffer empty
2018-12-22 08:31:14,132 inString WARNING buffer empty
2018-12-22 08:31:14,246 inString WARNING buffer empty
2018-12-22 08:31:14,362 inString WARNING buffer empty
2018-12-22 08:31:14,474 inString WARNING buffer empty
2018-12-22 08:31:14,588 inString WARNING buffer empty
2018-12-22 08:31:14,702 inString WARNING buffer empty
2018-12-22 08:31:14,817 inString WARNING buffer empty
2018-12-22 08:31:14,928 inString WARNING buffer empty
2018-12-22 08:31:15,045 inString WARNING buffer empty
2018-12-22 08:31:15,169 inString WARNING buffer empty
2018-12-22 08:31:15,292 inString WARNING buffer empty
2018-12-22 08:31:15,413 inString WARNING buffer empty
2018-12-22 08:31:15,536 inString WARNING buffer empty
2018-12-22 08:31:15,660 inString WARNING buffer empty
2018-12-22 08:31:15,785 inString WARNING buffer empty
2018-12-22 08:31:15,904 inString WARNING buffer empty
2018-12-22 08:31:16,029 inString WARNING buffer empty
2018-12-22 08:31:16,153 inString WARNING buffer empty
2018-12-22 08:31:16,277 inString WARNING buffer empty
2018-12-22 08:31:16,390 inString WARNING buffer empty
2018-12-22 08:31:16,502 inString WARNING buffer empty
2018-12-22 08:31:16,615 inString WARNING buffer empty
2018-12-22 08:31:16,729 inString WARNING buffer empty
2018-12-22 08:31:16,841 inString WARNING buffer empty
2018-12-22 08:31:16,954 inString WARNING buffer empty
2018-12-22 08:31:17,073 inString WARNING buffer empty
2018-12-22 08:31:17,187 inString WARNING buffer empty
2018-12-22 08:31:17,306 inString WARNING buffer empty
2018-12-22 08:31:17,422 inString WARNING buffer empty
2018-12-22 08:31:17,534 inString WARNING buffer empty
2018-12-22 08:31:17,649 inString WARNING buffer empty
2018-12-22 08:31:17,764 inString WARNING buffer empty
2018-12-22 08:31:17,889 inString WARNING buffer empty
2018-12-22 08:31:18,012 inString WARNING buffer empty
2018-12-22 08:31:18,136 inString WARNING buffer empty
2018-12-22 08:31:18,257 inString WARNING buffer empty
2018-12-22 08:31:18,381 inString WARNING buffer empty
2018-12-22 08:31:18,505 inString WARNING buffer empty
2018-12-22 08:31:18,630 inString WARNING buffer empty
2018-12-22 08:31:18,748 inString WARNING buffer empty
2018-12-22 08:31:18,872 inString WARNING buffer empty
2018-12-22 08:31:18,998 inString WARNING buffer empty
2018-12-22 08:31:19,122 inString WARNING buffer empty
2018-12-22 08:31:19,241 inString WARNING buffer empty
2018-12-22 08:31:19,366 inString WARNING buffer empty
2018-12-22 08:31:19,489 inString WARNING buffer empty
2018-12-22 08:31:19,612 inString WARNING buffer empty
2018-12-22 08:31:19,734 inString WARNING buffer empty
2018-12-22 08:31:19,857 inString WARNING buffer empty
2018-12-22 08:31:19,982 inString WARNING buffer empty
2018-12-22 08:31:20,105 inString WARNING buffer empty
2018-12-22 08:31:20,225 inString WARNING buffer empty
2018-12-22 08:31:20,350 inString WARNING buffer empty
2018-12-22 08:31:20,464 inString WARNING buffer empty
2018-12-22 08:31:20,578 inString WARNING buffer empty
2018-12-22 08:31:20,692 inString WARNING buffer empty
2018-12-22 08:31:20,807 inString WARNING buffer empty
2018-12-22 08:31:20,923 inString WARNING buffer empty
2018-12-22 08:31:21,039 inString WARNING buffer empty
2018-12-22 08:31:21,153 inString WARNING buffer empty
2018-12-22 08:31:21,266 inString WARNING buffer empty
2018-12-22 08:31:21,383 inString WARNING buffer empty
2018-12-22 08:31:21,501 inString WARNING buffer empty
2018-12-22 08:31:21,616 inString WARNING buffer empty
2018-12-22 08:31:21,728 inString WARNING buffer empty
2018-12-22 08:31:21,842 inString WARNING buffer empty
2018-12-22 08:31:21,956 inString WARNING buffer empty
2018-12-22 08:31:22,068 inString WARNING buffer empty
2018-12-22 08:31:22,186 inString WARNING buffer empty
2018-12-22 08:31:22,304 inString WARNING buffer empty
2018-12-22 08:31:22,418 inString WARNING buffer empty
2018-12-22 08:31:22,534 inString WARNING buffer empty
2018-12-22 08:31:22,649 inString WARNING buffer empty
2018-12-22 08:31:22,764 inString WARNING buffer empty
2018-12-22 08:31:22,878 inString WARNING buffer empty
2018-12-22 08:31:22,990 inString WARNING buffer empty
2018-12-22 08:31:23,103 inString WARNING buffer empty
2018-12-22 08:31:23,216 inString WARNING buffer empty
2018-12-22 08:31:23,330 inString WARNING buffer empty
2018-12-22 08:31:23,444 inString WARNING buffer empty
2018-12-22 08:31:23,556 inString WARNING buffer empty
2018-12-22 08:31:23,671 inString WARNING buffer empty
2018-12-22 08:31:23,783 inString WARNING buffer empty
2018-12-22 08:31:23,895 inString WARNING buffer empty
2018-12-22 08:31:24,011 inString WARNING buffer empty
2018-12-22 08:31:24,126 inString WARNING buffer empty
2018-12-22 08:31:24,245 inString WARNING buffer empty
2018-12-22 08:31:24,369 inString WARNING buffer empty
2018-12-22 08:31:24,493 inString WARNING buffer empty
2018-12-22 08:31:24,613 inString WARNING buffer empty
2018-12-22 08:31:24,737 inString WARNING buffer empty
2018-12-22 08:31:24,860 inString WARNING buffer empty
2018-12-22 08:31:24,985 inString WARNING buffer empty
2018-12-22 08:31:25,104 inString WARNING buffer empty
2018-12-22 08:31:25,228 inString WARNING buffer empty
2018-12-22 08:31:25,352 inString WARNING buffer empty
2018-12-22 08:31:25,476 inString WARNING buffer empty
2018-12-22 08:31:25,596 inString WARNING buffer empty
2018-12-22 08:31:25,721 inString WARNING buffer empty
2018-12-22 08:31:25,844 inString WARNING buffer empty
2018-12-22 08:31:25,965 inString WARNING buffer empty
2018-12-22 08:31:26,089 inString WARNING buffer empty
2018-12-22 08:31:26,212 inString WARNING buffer empty
2018-12-22 08:31:26,336 inString WARNING buffer empty
2018-12-22 08:31:26,456 inString WARNING buffer empty
2018-12-22 08:31:26,580 inString WARNING buffer empty
2018-12-22 08:31:26,705 inString WARNING buffer empty
2018-12-22 08:31:26,829 inString WARNING buffer empty
2018-12-22 08:31:26,949 inString WARNING buffer empty
2018-12-22 08:31:27,073 inString WARNING buffer empty
2018-12-22 08:31:27,197 inString WARNING buffer empty
2018-12-22 08:31:27,322 inString WARNING buffer empty
2018-12-22 08:31:27,440 inString WARNING buffer empty
2018-12-22 08:31:27,565 inString WARNING buffer empty
2018-12-22 08:31:27,688 inString WARNING buffer empty
2018-12-22 08:31:27,814 inString WARNING buffer empty
2018-12-22 08:31:27,933 inString WARNING buffer empty
2018-12-22 08:31:28,056 inString WARNING buffer empty
2018-12-22 08:31:28,180 inString WARNING buffer empty
2018-12-22 08:31:28,304 inString WARNING buffer empty
2018-12-22 08:31:28,424 inString WARNING buffer empty
2018-12-22 08:31:28,549 inString WARNING buffer empty
2018-12-22 08:31:28,672 inString WARNING buffer empty
2018-12-22 08:31:28,796 inString WARNING buffer empty
2018-12-22 08:31:28,917 inString WARNING buffer empty
2018-12-22 08:31:29,041 inString WARNING buffer empty
2018-12-22 08:31:29,165 inString WARNING buffer empty
2018-12-22 08:31:29,289 inString WARNING buffer empty
2018-12-22 08:31:29,410 inString WARNING buffer empty
2018-12-22 08:31:29,532 inString WARNING buffer empty
2018-12-22 08:31:29,656 inString WARNING buffer empty
2018-12-22 08:31:29,780 inString WARNING buffer empty
2018-12-22 08:31:29,900 inString WARNING buffer empty
2018-12-22 08:31:30,025 inString WARNING buffer empty
2018-12-22 08:31:30,149 inString WARNING buffer empty
2018-12-22 08:31:30,272 inString WARNING buffer empty
2018-12-22 08:31:30,392 inString WARNING buffer empty
2018-12-22 08:31:30,516 inString WARNING buffer empty
2018-12-22 08:31:30,641 inString WARNING buffer empty
2018-12-22 08:31:30,765 inString WARNING buffer empty
2018-12-22 08:31:30,884 inString WARNING buffer empty
2018-12-22 08:31:31,010 inString WARNING buffer empty
2018-12-22 08:31:31,132 inString WARNING buffer empty
2018-12-22 08:31:31,257 inString WARNING buffer empty
2018-12-22 08:31:31,378 inString WARNING buffer empty
2018-12-22 08:31:31,500 inString WARNING buffer empty
2018-12-22 08:31:31,626 inString WARNING buffer empty
2018-12-22 08:31:31,750 inString WARNING buffer empty
2018-12-22 08:31:31,868 inString WARNING buffer empty
2018-12-22 08:31:31,992 inString WARNING buffer empty
2018-12-22 08:31:32,117 inString WARNING buffer empty
2018-12-22 08:31:32,240 inString WARNING buffer empty
2018-12-22 08:31:32,362 inString WARNING buffer empty
2018-12-22 08:31:32,476 inString WARNING buffer empty
2018-12-22 08:31:32,588 inString WARNING buffer empty
2018-12-22 08:31:32,703 inString WARNING buffer empty
2018-12-22 08:31:32,814 inString WARNING buffer empty
2018-12-22 08:31:32,931 inString WARNING buffer empty
2018-12-22 08:31:33,044 inString WARNING buffer empty
2018-12-22 08:31:33,163 inString WARNING buffer empty
2018-12-22 08:31:33,277 inString WARNING buffer empty
2018-12-22 08:31:33,393 inString WARNING buffer empty
2018-12-22 08:31:33,506 inString WARNING buffer empty
2018-12-22 08:31:33,620 inString WARNING buffer empty
2018-12-22 08:31:33,733 inString WARNING buffer empty
2018-12-22 08:31:33,847 inString WARNING buffer empty
2018-12-22 08:31:33,962 inString WARNING buffer empty
2018-12-22 08:31:34,077 inString WARNING buffer empty
2018-12-22 08:31:34,190 inString WARNING buffer empty
2018-12-22 08:31:34,308 inString WARNING buffer empty
2018-12-22 08:31:34,422 inString WARNING buffer empty
2018-12-22 08:31:34,537 inString WARNING buffer empty
2018-12-22 08:31:34,661 inString WARNING buffer empty
2018-12-22 08:31:34,784 inString WARNING buffer empty
2018-12-22 08:31:34,908 inString WARNING buffer empty
2018-12-22 08:31:35,029 inString WARNING buffer empty
2018-12-22 08:31:35,152 inString WARNING buffer empty
2018-12-22 08:31:35,276 inString WARNING buffer empty
2018-12-22 08:31:35,400 inString WARNING buffer empty
2018-12-22 08:31:35,521 inString WARNING buffer empty
2018-12-22 08:31:35,644 inString WARNING buffer empty
2018-12-22 08:31:35,769 inString WARNING buffer empty
2018-12-22 08:31:35,892 inString WARNING buffer empty
2018-12-22 08:31:36,007 inString WARNING buffer empty
2018-12-22 08:31:36,120 inString WARNING buffer empty
2018-12-22 08:31:36,237 inString WARNING buffer empty
2018-12-22 08:31:36,352 inString WARNING buffer empty
2018-12-22 08:31:36,465 inString WARNING buffer empty
2018-12-22 08:31:36,578 inString WARNING buffer empty
2018-12-22 08:31:36,691 inString WARNING buffer empty
2018-12-22 08:31:36,805 inString WARNING buffer empty
2018-12-22 08:31:36,920 inString WARNING buffer empty
2018-12-22 08:31:37,033 inString WARNING buffer empty
2018-12-22 08:31:37,145 inString WARNING buffer empty
2018-12-22 08:31:37,260 inString WARNING buffer empty
2018-12-22 08:31:37,381 inString WARNING buffer empty
2018-12-22 08:31:37,505 inString WARNING buffer empty
2018-12-22 08:31:37,630 inString WARNING buffer empty
2018-12-22 08:31:37,752 inString WARNING buffer empty
2018-12-22 08:31:37,872 inString WARNING buffer empty
2018-12-22 08:31:37,997 inString WARNING buffer empty
2018-12-22 08:31:38,120 inString WARNING buffer empty
2018-12-22 08:31:38,245 inString WARNING buffer empty
2018-12-22 08:31:38,365 inString WARNING buffer empty
2018-12-22 08:31:38,490 inString WARNING buffer empty
2018-12-22 08:31:38,612 inString WARNING buffer empty
2018-12-22 08:31:38,732 inString WARNING buffer empty
2018-12-22 08:31:38,856 inString WARNING buffer empty
2018-12-22 08:31:38,980 inString WARNING buffer empty
2018-12-22 08:31:39,104 inString WARNING buffer empty
2018-12-22 08:31:39,224 inString WARNING buffer empty
2018-12-22 08:31:39,348 inString WARNING buffer empty
2018-12-22 08:31:39,473 inString WARNING buffer empty
2018-12-22 08:31:39,597 inString WARNING buffer empty
2018-12-22 08:31:39,716 inString WARNING buffer empty
2018-12-22 08:31:39,840 inString WARNING buffer empty
2018-12-22 08:31:39,964 inString WARNING buffer empty
2018-12-22 08:31:40,076 inString WARNING buffer empty
2018-12-22 08:31:40,192 inString WARNING buffer empty
2018-12-22 08:31:40,307 inString WARNING buffer empty
2018-12-22 08:31:40,421 inString WARNING buffer empty
2018-12-22 08:31:40,534 inString WARNING buffer empty
2018-12-22 08:31:40,650 inString WARNING buffer empty
2018-12-22 08:31:40,762 inString WARNING buffer empty
2018-12-22 08:31:40,878 inString WARNING buffer empty
2018-12-22 08:31:40,991 inString WARNING buffer empty
2018-12-22 08:31:41,105 inString WARNING buffer empty
2018-12-22 08:31:41,220 inString WARNING buffer empty
2018-12-22 08:31:41,335 inString WARNING buffer empty
2018-12-22 08:31:41,449 inString WARNING buffer empty
2018-12-22 08:31:41,563 inString WARNING buffer empty
2018-12-22 08:31:41,675 inString WARNING buffer empty
2018-12-22 08:31:41,789 inString WARNING buffer empty
2018-12-22 08:31:41,904 inString WARNING buffer empty
2018-12-22 08:31:42,018 inString WARNING buffer empty
2018-12-22 08:31:42,130 inString WARNING buffer empty
2018-12-22 08:31:42,244 inString WARNING buffer empty
2018-12-22 08:31:42,362 inString WARNING buffer empty
2018-12-22 08:31:42,479 inString WARNING buffer empty
2018-12-22 08:31:42,595 inString WARNING buffer empty
2018-12-22 08:31:42,710 inString WARNING buffer empty
2018-12-22 08:31:42,826 inString WARNING buffer empty
2018-12-22 08:31:42,940 inString WARNING buffer empty
2018-12-22 08:31:43,053 inString WARNING buffer empty
2018-12-22 08:31:43,167 inString WARNING buffer empty
2018-12-22 08:31:43,283 inString WARNING buffer empty
2018-12-22 08:31:43,398 inString WARNING buffer empty
2018-12-22 08:31:43,511 inString WARNING buffer empty
2018-12-22 08:31:43,627 inString WARNING buffer empty
2018-12-22 08:31:43,740 inString WARNING buffer empty
2018-12-22 08:31:43,860 inString WARNING buffer empty
2018-12-22 08:31:43,985 inString WARNING buffer empty
2018-12-22 08:31:44,105 inString WARNING buffer empty
2018-12-22 08:31:44,229 inString WARNING buffer empty
2018-12-22 08:31:44,353 inString WARNING buffer empty
2018-12-22 08:31:44,477 inString WARNING buffer empty
2018-12-22 08:31:44,596 inString WARNING buffer empty
2018-12-22 08:31:44,722 inString WARNING buffer empty
2018-12-22 08:31:44,844 inString WARNING buffer empty
2018-12-22 08:31:44,968 inString WARNING buffer empty
2018-12-22 08:31:45,088 inString WARNING buffer empty
2018-12-22 08:31:45,212 inString WARNING buffer empty
2018-12-22 08:31:45,337 inString WARNING buffer empty
2018-12-22 08:31:45,463 inString WARNING buffer empty
2018-12-22 08:31:45,582 inString WARNING buffer empty
2018-12-22 08:31:45,705 inString WARNING buffer empty
2018-12-22 08:31:45,829 inString WARNING buffer empty
2018-12-22 08:31:45,952 inString WARNING buffer empty
2018-12-22 08:31:46,072 inString WARNING buffer empty
2018-12-22 08:31:46,196 inString WARNING buffer empty
2018-12-22 08:31:46,321 inString WARNING buffer empty
2018-12-22 08:31:46,444 inString WARNING buffer empty
2018-12-22 08:31:46,564 inString WARNING buffer empty
2018-12-22 08:31:46,689 inString WARNING buffer empty
2018-12-22 08:31:46,813 inString WARNING buffer empty
2018-12-22 08:31:46,936 inString WARNING buffer empty
2018-12-22 08:31:47,057 inString WARNING buffer empty
2018-12-22 08:31:47,180 inString WARNING buffer empty
2018-12-22 08:31:47,305 inString WARNING buffer empty
2018-12-22 08:31:47,428 inString WARNING buffer empty
2018-12-22 08:31:47,549 inString WARNING buffer empty
2018-12-22 08:31:47,672 inString WARNING buffer empty
2018-12-22 08:31:47,796 inString WARNING buffer empty
2018-12-22 08:31:47,921 inString WARNING buffer empty
2018-12-22 08:31:48,040 inString WARNING buffer empty
2018-12-22 08:31:48,164 inString WARNING buffer empty
2018-12-22 08:31:48,288 inString WARNING buffer empty
2018-12-22 08:31:48,414 inString WARNING buffer empty
2018-12-22 08:31:48,532 inString WARNING buffer empty
2018-12-22 08:31:48,658 inString WARNING buffer empty
2018-12-22 08:31:48,781 inString WARNING buffer empty
2018-12-22 08:31:48,906 inString WARNING buffer empty
2018-12-22 08:31:49,026 inString WARNING buffer empty
2018-12-22 08:31:49,149 inString WARNING buffer empty
2018-12-22 08:31:49,273 inString WARNING buffer empty
2018-12-22 08:31:49,389 inString WARNING buffer empty
2018-12-22 08:31:49,503 inString WARNING buffer empty
2018-12-22 08:31:49,617 inString WARNING buffer empty
2018-12-22 08:31:49,734 inString WARNING buffer empty
2018-12-22 08:31:49,848 inString WARNING buffer empty
2018-12-22 08:31:49,965 inString WARNING buffer empty
2018-12-22 08:31:50,081 inString WARNING buffer empty
2018-12-22 08:31:50,196 inString WARNING buffer empty
2018-12-22 08:31:50,311 inString WARNING buffer empty
2018-12-22 08:31:50,426 inString WARNING buffer empty
2018-12-22 08:31:50,539 inString WARNING buffer empty
2018-12-22 08:31:50,654 inString WARNING buffer empty
2018-12-22 08:31:50,766 inString WARNING buffer empty
2018-12-22 08:31:50,882 inString WARNING buffer empty
2018-12-22 08:31:50,998 inString WARNING buffer empty
2018-12-22 08:31:51,114 inString WARNING buffer empty
2018-12-22 08:31:51,228 inString WARNING buffer empty
2018-12-22 08:31:51,343 inString WARNING buffer empty
2018-12-22 08:31:51,457 inString WARNING buffer empty
2018-12-22 08:31:51,571 inString WARNING buffer empty
2018-12-22 08:31:51,685 inString WARNING buffer empty
2018-12-22 08:31:51,798 inString WARNING buffer empty
2018-12-22 08:31:51,912 inString WARNING buffer empty
2018-12-22 08:31:52,026 inString WARNING buffer empty
2018-12-22 08:31:52,146 inString WARNING buffer empty
2018-12-22 08:31:52,260 inString WARNING buffer empty
2018-12-22 08:31:52,376 inString WARNING buffer empty
2018-12-22 08:31:52,491 inString WARNING buffer empty
2018-12-22 08:31:52,606 inString WARNING buffer empty
2018-12-22 08:31:52,719 inString WARNING buffer empty
2018-12-22 08:31:52,831 inString WARNING buffer empty
2018-12-22 08:31:52,948 inString WARNING buffer empty
2018-12-22 08:31:53,064 inString WARNING buffer empty
2018-12-22 08:31:53,179 inString WARNING buffer empty
2018-12-22 08:31:53,295 inString WARNING buffer empty
2018-12-22 08:31:53,411 inString WARNING buffer empty
2018-12-22 08:31:53,524 inString WARNING buffer empty
2018-12-22 08:31:53,641 inString WARNING buffer empty
2018-12-22 08:31:53,758 inString WARNING buffer empty
2018-12-22 08:31:53,873 inString WARNING buffer empty
2018-12-22 08:31:53,987 inString WARNING buffer empty
2018-12-22 08:31:54,100 inString WARNING buffer empty
2018-12-22 08:31:54,214 inString WARNING buffer empty
2018-12-22 08:31:54,331 inString WARNING buffer empty
2018-12-22 08:31:54,448 inString WARNING buffer empty
2018-12-22 08:31:54,565 inString WARNING buffer empty
2018-12-22 08:31:54,679 inString WARNING buffer empty
2018-12-22 08:31:54,794 inString WARNING buffer empty
2018-12-22 08:31:54,909 inString WARNING buffer empty
2018-12-22 08:31:55,025 inString WARNING buffer empty
2018-12-22 08:31:55,138 inString WARNING buffer empty
2018-12-22 08:31:55,251 inString WARNING buffer empty
2018-12-22 08:31:55,367 inString WARNING buffer empty
2018-12-22 08:31:55,480 inString WARNING buffer empty
2018-12-22 08:31:55,595 inString WARNING buffer empty
2018-12-22 08:31:55,712 inString WARNING buffer empty
2018-12-22 08:31:55,823 inString WARNING buffer empty
2018-12-22 08:31:55,937 inString WARNING buffer empty
2018-12-22 08:31:56,050 inString WARNING buffer empty
2018-12-22 08:31:56,163 inString WARNING buffer empty
2018-12-22 08:31:56,286 inString WARNING buffer empty
2018-12-22 08:31:56,404 inString WARNING buffer empty
2018-12-22 08:31:56,520 inString WARNING buffer empty
2018-12-22 08:31:56,634 inString WARNING buffer empty
2018-12-22 08:31:56,747 inString WARNING buffer empty
2018-12-22 08:31:56,858 inString WARNING buffer empty
2018-12-22 08:31:56,971 inString WARNING buffer empty
2018-12-22 08:31:57,084 inString WARNING buffer empty
2018-12-22 08:31:57,197 inString WARNING buffer empty
2018-12-22 08:31:57,312 inString WARNING buffer empty
2018-12-22 08:31:57,429 inString WARNING buffer empty
2018-12-22 08:31:57,545 inString WARNING buffer empty
2018-12-22 08:31:57,661 inString WARNING buffer empty
2018-12-22 08:31:57,776 inString WARNING buffer empty
2018-12-22 08:31:57,891 inString WARNING buffer empty
2018-12-22 08:31:58,006 inString WARNING buffer empty
2018-12-22 08:31:58,121 inString WARNING buffer empty
2018-12-22 08:31:58,236 inString WARNING buffer empty
2018-12-22 08:31:58,356 inString WARNING buffer empty
2018-12-22 08:31:58,473 inString WARNING buffer empty
2018-12-22 08:31:58,589 inString WARNING buffer empty
2018-12-22 08:31:58,702 inString WARNING buffer empty
2018-12-22 08:31:58,815 inString WARNING buffer empty
2018-12-22 08:31:58,929 inString WARNING buffer empty
2018-12-22 08:31:59,043 inString WARNING buffer empty
2018-12-22 08:31:59,157 inString WARNING buffer empty
2018-12-22 08:31:59,279 inString WARNING buffer empty
2018-12-22 08:31:59,398 inString WARNING buffer empty
2018-12-22 08:31:59,513 inString WARNING buffer empty
2018-12-22 08:31:59,627 inString WARNING buffer empty
2018-12-22 08:31:59,741 inString WARNING buffer empty
2018-12-22 08:31:59,860 inString WARNING buffer empty
2018-12-22 08:31:59,974 inString WARNING buffer empty
2018-12-22 08:32:00,089 inString WARNING buffer empty
2018-12-22 08:32:00,204 inString WARNING buffer empty
2018-12-22 08:32:00,319 inString WARNING buffer empty
2018-12-22 08:32:00,433 inString WARNING buffer empty
2018-12-22 08:32:00,545 inString WARNING buffer empty
2018-12-22 08:32:00,660 inString WARNING buffer empty
2018-12-22 08:32:00,778 inString WARNING buffer empty
2018-12-22 08:32:00,892 inString WARNING buffer empty
2018-12-22 08:32:01,008 inString WARNING buffer empty
2018-12-22 08:32:01,124 inString WARNING buffer empty
2018-12-22 08:32:01,239 inString WARNING buffer empty
2018-12-22 08:32:01,357 inString WARNING buffer empty
2018-12-22 08:32:01,471 inString WARNING buffer empty
2018-12-22 08:32:01,588 inString WARNING buffer empty
2018-12-22 08:32:01,703 inString WARNING buffer empty
2018-12-22 08:32:01,816 inString WARNING buffer empty
2018-12-22 08:32:01,929 inString WARNING buffer empty
2018-12-22 08:32:02,043 inString WARNING buffer empty
2018-12-22 08:32:02,157 inString WARNING buffer empty
2018-12-22 08:32:02,272 inString WARNING buffer empty
2018-12-22 08:32:02,392 inString WARNING buffer empty
2018-12-22 08:32:02,511 inString WARNING buffer empty
2018-12-22 08:32:02,624 inString WARNING buffer empty
2018-12-22 08:32:02,737 inString WARNING buffer empty
2018-12-22 08:32:02,851 inString WARNING buffer empty
2018-12-22 08:32:02,967 inString WARNING buffer empty
2018-12-22 08:32:03,084 inString WARNING buffer empty
2018-12-22 08:32:03,196 inString WARNING buffer empty
2018-12-22 08:32:03,313 inString WARNING buffer empty
2018-12-22 08:32:03,427 inString WARNING buffer empty
2018-12-22 08:32:03,539 inString WARNING buffer empty
2018-12-22 08:32:03,651 inString WARNING buffer empty
2018-12-22 08:32:03,765 inString WARNING buffer empty
2018-12-22 08:32:03,878 inString WARNING buffer empty
2018-12-22 08:32:03,993 inString WARNING buffer empty
2018-12-22 08:32:04,105 inString WARNING buffer empty
2018-12-22 08:32:04,220 inString WARNING buffer empty
2018-12-22 08:32:04,337 inString WARNING buffer empty
2018-12-22 08:32:04,454 inString WARNING buffer empty
2018-12-22 08:32:04,565 inString WARNING buffer empty
2018-12-22 08:32:04,680 inString WARNING buffer empty
2018-12-22 08:32:04,792 inString WARNING buffer empty
2018-12-22 08:32:04,905 inString WARNING buffer empty
2018-12-22 08:32:05,019 inString WARNING buffer empty
2018-12-22 08:32:05,135 inString WARNING buffer empty
2018-12-22 08:32:05,247 inString WARNING buffer empty
2018-12-22 08:32:05,361 inString WARNING buffer empty
2018-12-22 08:32:05,477 inString WARNING buffer empty
2018-12-22 08:32:05,591 inString WARNING buffer empty
2018-12-22 08:32:05,704 inString WARNING buffer empty
2018-12-22 08:32:05,820 inString WARNING buffer empty
2018-12-22 08:32:05,933 inString WARNING buffer empty
2018-12-22 08:32:06,049 inString WARNING buffer empty
2018-12-22 08:32:06,163 inString WARNING buffer empty
2018-12-22 08:32:06,282 inString WARNING buffer empty
2018-12-22 08:32:06,398 inString WARNING buffer empty
2018-12-22 08:32:06,513 inString WARNING buffer empty
2018-12-22 08:32:06,627 inString WARNING buffer empty
2018-12-22 08:32:06,743 inString WARNING buffer empty
2018-12-22 08:32:06,857 inString WARNING buffer empty
2018-12-22 08:32:06,971 inString WARNING buffer empty
2018-12-22 08:32:07,088 inString WARNING buffer empty
2018-12-22 08:32:07,201 inString WARNING buffer empty
2018-12-22 08:32:07,317 inString WARNING buffer empty
2018-12-22 08:32:07,434 inString WARNING buffer empty
2018-12-22 08:32:07,549 inString WARNING buffer empty
2018-12-22 08:32:07,663 inString WARNING buffer empty
2018-12-22 08:32:07,778 inString WARNING buffer empty
2018-12-22 08:32:07,892 inString WARNING buffer empty
2018-12-22 08:32:08,009 inString WARNING buffer empty
2018-12-22 08:32:08,126 inString WARNING buffer empty
2018-12-22 08:32:08,242 inString WARNING buffer empty
2018-12-22 08:32:08,363 inString WARNING buffer empty
2018-12-22 08:32:08,478 inString WARNING buffer empty
2018-12-22 08:32:08,593 inString WARNING buffer empty
2018-12-22 08:32:08,709 inString WARNING buffer empty
2018-12-22 08:32:08,824 inString WARNING buffer empty
2018-12-22 08:32:08,938 inString WARNING buffer empty
2018-12-22 08:32:09,052 inString WARNING buffer empty
2018-12-22 08:32:09,168 inString WARNING buffer empty
2018-12-22 08:32:09,283 inString WARNING buffer empty
2018-12-22 08:32:09,398 inString WARNING buffer empty
2018-12-22 08:32:09,510 inString WARNING buffer empty
2018-12-22 08:32:09,625 inString WARNING buffer empty
2018-12-22 08:32:09,740 inString WARNING buffer empty
2018-12-22 08:32:09,854 inString WARNING buffer empty
2018-12-22 08:32:09,967 inString WARNING buffer empty
2018-12-22 08:32:10,082 inString WARNING buffer empty
2018-12-22 08:32:10,195 inString WARNING buffer empty
2018-12-22 08:32:10,312 inString WARNING buffer empty
2018-12-22 08:32:10,426 inString WARNING buffer empty
2018-12-22 08:32:10,540 inString WARNING buffer empty
2018-12-22 08:32:10,653 inString WARNING buffer empty
2018-12-22 08:32:10,771 inString WARNING buffer empty
2018-12-22 08:32:10,886 inString WARNING buffer empty
2018-12-22 08:32:10,999 inString WARNING buffer empty
2018-12-22 08:32:11,111 inString WARNING buffer empty
2018-12-22 08:32:11,227 inString WARNING buffer empty
2018-12-22 08:32:11,340 inString WARNING buffer empty
2018-12-22 08:32:11,457 inString WARNING buffer empty
2018-12-22 08:32:11,571 inString WARNING buffer empty
2018-12-22 08:32:11,688 inString WARNING buffer empty
2018-12-22 08:32:11,803 inString WARNING buffer empty
2018-12-22 08:32:11,917 inString WARNING buffer empty
2018-12-22 08:32:12,034 inString WARNING buffer empty
2018-12-22 08:32:12,150 inString WARNING buffer empty
2018-12-22 08:32:12,263 inString WARNING buffer empty
2018-12-22 08:32:12,381 inString WARNING buffer empty
2018-12-22 08:32:12,497 inString WARNING buffer empty
2018-12-22 08:32:12,609 inString WARNING buffer empty
2018-12-22 08:32:12,722 inString WARNING buffer empty
2018-12-22 08:32:12,833 inString WARNING buffer empty
2018-12-22 08:32:12,949 inString WARNING buffer empty
2018-12-22 08:32:13,063 inString WARNING buffer empty
2018-12-22 08:32:13,177 inString WARNING buffer empty
2018-12-22 08:32:13,296 inString WARNING buffer empty
2018-12-22 08:32:13,411 inString WARNING buffer empty
2018-12-22 08:32:13,524 inString WARNING buffer empty
2018-12-22 08:32:13,639 inString WARNING buffer empty
2018-12-22 08:32:13,755 inString WARNING buffer empty
2018-12-22 08:32:13,870 inString WARNING buffer empty
2018-12-22 08:32:13,986 inString WARNING buffer empty
2018-12-22 08:32:14,100 inString WARNING buffer empty
2018-12-22 08:32:14,216 inString WARNING buffer empty
2018-12-22 08:32:14,336 inString WARNING buffer empty
2018-12-22 08:32:14,453 inString WARNING buffer empty
2018-12-22 08:32:14,564 inString WARNING buffer empty
2018-12-22 08:32:14,679 inString WARNING buffer empty
2018-12-22 08:32:14,793 inString WARNING buffer empty
2018-12-22 08:32:14,906 inString WARNING buffer empty
2018-12-22 08:32:15,019 inString WARNING buffer empty
2018-12-22 08:32:15,133 inString WARNING buffer empty
2018-12-22 08:32:15,247 inString WARNING buffer empty
2018-12-22 08:32:15,364 inString WARNING buffer empty
2018-12-22 08:32:15,478 inString WARNING buffer empty
2018-12-22 08:32:15,590 inString WARNING buffer empty
2018-12-22 08:32:15,706 inString WARNING buffer empty
2018-12-22 08:32:15,820 inString WARNING buffer empty
2018-12-22 08:32:15,934 inString WARNING buffer empty
2018-12-22 08:32:16,049 inString WARNING buffer empty
2018-12-22 08:32:16,162 inString WARNING buffer empty
2018-12-22 08:32:16,275 inString WARNING buffer empty
2018-12-22 08:32:16,393 inString WARNING buffer empty
2018-12-22 08:32:16,508 inString WARNING buffer empty
2018-12-22 08:32:16,621 inString WARNING buffer empty
2018-12-22 08:32:16,736 inString WARNING buffer empty
2018-12-22 08:32:16,849 inString WARNING buffer empty
2018-12-22 08:32:16,964 inString WARNING buffer empty
2018-12-22 08:32:17,079 inString WARNING buffer empty
2018-12-22 08:32:17,194 inString WARNING buffer empty
2018-12-22 08:32:17,313 inString WARNING buffer empty
2018-12-22 08:32:17,428 inString WARNING buffer empty
2018-12-22 08:32:17,541 inString WARNING buffer empty
2018-12-22 08:32:17,655 inString WARNING buffer empty
2018-12-22 08:32:17,768 inString WARNING buffer empty
2018-12-22 08:32:17,887 inString WARNING buffer empty
2018-12-22 08:32:18,004 inString WARNING buffer empty
2018-12-22 08:32:18,121 inString WARNING buffer empty
2018-12-22 08:32:18,236 inString WARNING buffer empty
2018-12-22 08:32:18,357 inString WARNING buffer empty
2018-12-22 08:32:18,477 inString WARNING buffer empty
2018-12-22 08:32:18,594 inString WARNING buffer empty
2018-12-22 08:32:18,709 inString WARNING buffer empty
2018-12-22 08:32:18,826 inString WARNING buffer empty
2018-12-22 08:32:18,942 inString WARNING buffer empty
2018-12-22 08:32:19,059 inString WARNING buffer empty
2018-12-22 08:32:19,175 inString WARNING buffer empty
2018-12-22 08:32:19,292 inString WARNING buffer empty
2018-12-22 08:32:19,407 inString WARNING buffer empty
2018-12-22 08:32:19,522 inString WARNING buffer empty
2018-12-22 08:32:19,639 inString WARNING buffer empty
2018-12-22 08:32:19,755 inString WARNING buffer empty
2018-12-22 08:32:19,870 inString WARNING buffer empty
2018-12-22 08:32:19,986 inString WARNING buffer empty
2018-12-22 08:32:20,099 inString WARNING buffer empty
2018-12-22 08:32:20,213 inString WARNING buffer empty
2018-12-22 08:32:20,329 inString WARNING buffer empty
2018-12-22 08:32:20,444 inString WARNING buffer empty
2018-12-22 08:32:20,560 inString WARNING buffer empty
2018-12-22 08:32:20,674 inString WARNING buffer empty
2018-12-22 08:32:20,788 inString WARNING buffer empty
2018-12-22 08:32:20,906 inString WARNING buffer empty
2018-12-22 08:32:21,024 inString WARNING buffer empty
2018-12-22 08:32:21,137 inString WARNING buffer empty
2018-12-22 08:32:21,252 inString WARNING buffer empty
2018-12-22 08:32:21,369 inString WARNING buffer empty
2018-12-22 08:32:21,486 inString WARNING buffer empty
2018-12-22 08:32:21,601 inString WARNING buffer empty
2018-12-22 08:32:21,715 inString WARNING buffer empty
2018-12-22 08:32:21,830 inString WARNING buffer empty
2018-12-22 08:32:21,944 inString WARNING buffer empty
2018-12-22 08:32:22,058 inString WARNING buffer empty
2018-12-22 08:32:22,170 inString WARNING buffer empty
2018-12-22 08:32:22,287 inString WARNING buffer empty
2018-12-22 08:32:22,403 inString WARNING buffer empty
2018-12-22 08:32:22,519 inString WARNING buffer empty
2018-12-22 08:32:22,633 inString WARNING buffer empty
2018-12-22 08:32:22,747 inString WARNING buffer empty
2018-12-22 08:32:22,862 inString WARNING buffer empty
2018-12-22 08:32:22,977 inString WARNING buffer empty
2018-12-22 08:32:23,092 inString WARNING buffer empty
2018-12-22 08:32:23,205 inString WARNING buffer empty
2018-12-22 08:32:23,320 inString WARNING buffer empty
2018-12-22 08:32:23,434 inString WARNING buffer empty
2018-12-22 08:32:23,548 inString WARNING buffer empty
2018-12-22 08:32:23,664 inString WARNING buffer empty
2018-12-22 08:32:23,777 inString WARNING buffer empty
2018-12-22 08:32:23,891 inString WARNING buffer empty
2018-12-22 08:32:24,003 inString WARNING buffer empty
2018-12-22 08:32:24,119 inString WARNING buffer empty
2018-12-22 08:32:24,236 inString WARNING buffer empty
2018-12-22 08:32:24,350 inString WARNING buffer empty
2018-12-22 08:32:24,464 inString WARNING buffer empty
2018-12-22 08:32:24,581 inString WARNING buffer empty
2018-12-22 08:32:24,696 inString WARNING buffer empty
2018-12-22 08:32:24,809 inString WARNING buffer empty
2018-12-22 08:32:24,922 inString WARNING buffer empty
2018-12-22 08:32:25,037 inString WARNING buffer empty
2018-12-22 08:32:25,152 inString WARNING buffer empty
2018-12-22 08:32:25,264 inString WARNING buffer empty
2018-12-22 08:32:25,379 inString WARNING buffer empty
2018-12-22 08:32:25,494 inString WARNING buffer empty
2018-12-22 08:32:25,608 inString WARNING buffer empty
2018-12-22 08:32:25,724 inString WARNING buffer empty
2018-12-22 08:32:25,836 inString WARNING buffer empty
2018-12-22 08:32:25,949 inString WARNING buffer empty
2018-12-22 08:32:26,066 inString WARNING buffer empty
2018-12-22 08:32:26,184 inString WARNING buffer empty
2018-12-22 08:32:26,301 inString WARNING buffer empty
2018-12-22 08:32:26,420 inString WARNING buffer empty
2018-12-22 08:32:26,538 inString WARNING buffer empty
2018-12-22 08:32:26,655 inString WARNING buffer empty
2018-12-22 08:32:26,771 inString WARNING buffer empty
2018-12-22 08:32:26,891 inString WARNING buffer empty
2018-12-22 08:32:27,011 inString WARNING buffer empty
2018-12-22 08:32:27,125 inString WARNING buffer empty
2018-12-22 08:32:27,238 inString WARNING buffer empty
2018-12-22 08:32:27,348 rtobject ERROR Traceback (most recent call last):
  File "/usr/lib/python2.7/dist-packages/OpenRTM_aist/RTObject.py", line 1560, in on_execute
    ret = self.onExecute(ec_id)
  File "Deep_LearningRTC.py", line 388, in onExecute
    objParam = detect(net, img, indata2.data, self._CLASSES, self._recognitionRate[0])
  File "Deep_LearningRTC.py", line 136, in detect
    self._d_outFlag.data = 1;
NameError: global name 'self' is not defined

2018-12-22 08:32:33,846 ec_worker ERROR State of the RTC is not ACTIVE_STATE.
2018-12-22 08:36:10,862 ec_worker ERROR State of the RTC is not ACTIVE_STATE.
2018-12-22 08:36:10,878 ec_worker WARNING ExecutionContext is already stopped.
2018-12-22 08:36:10,878 ec_base ERROR Invoking on_shutdown() for each RTC failed.
