2018-12-21 13:10:15,394 manager INFO 1.1.0
2018-12-21 13:10:15,394 manager INFO Copyright (C) 2003-2010
2018-12-21 13:10:15,394 manager INFO   Noriaki Ando
2018-12-21 13:10:15,394 manager INFO   Intelligent Systems Research Institute, AIST
2018-12-21 13:10:15,394 manager INFO Manager starting.
2018-12-21 13:10:15,394 manager INFO Starting local logging.
2018-12-21 13:10:15,397 manager.namingmanager INFO NameServer connection succeeded: corba/localhost
2018-12-21 13:10:15,399 ManagerServant INFO Master manager not found
2018-12-21 13:10:15,399 LocalServiceAdmin INFO All the local services are enabled.
2018-12-21 13:10:15,402 manager INFO Component type conf file: Deep_LearningRTC.conf loaded.
2018-12-21 13:10:15,403 ec_base INFO setRate(1000000.000000) done
2018-12-21 13:10:15,403 ec_base INFO setRate(1000.000000) done
2018-12-21 13:10:15,403 rtobject INFO 1 execution context was created.
2018-12-21 13:10:15,406 rtobject INFO Initial active configuration set is default.
2018-12-21 13:10:21,482 SdoServiceAdmin WARNING No available SDO service in the factory: 
2018-12-21 13:10:21,483 SdoServiceAdmin ERROR type  already exists.
2018-12-21 13:10:21,485 SdoServiceAdmin WARNING No available SDO service in the factory: IDL:OpenRTM/ComponentObserver:1.0
2018-12-21 13:10:21,486 SdoServiceAdmin ERROR type c5e4f0f2-d6c0-492c-ad29-656c214b5725 already exists.
2018-12-21 13:10:32,101 ec_base WARNING The component is not responding.
2018-12-21 13:10:32,102 ec_base ERROR Unknown error: Invalid state transition.
2018-12-21 13:10:33,145 inString WARNING buffer empty
2018-12-21 13:10:33,262 inString WARNING buffer empty
2018-12-21 13:10:33,380 inString WARNING buffer empty
2018-12-21 13:10:33,495 inString WARNING buffer empty
2018-12-21 13:10:33,609 inString WARNING buffer empty
2018-12-21 13:10:33,723 inString WARNING buffer empty
2018-12-21 13:10:33,838 inString WARNING buffer empty
2018-12-21 13:10:33,952 inString WARNING buffer empty
2018-12-21 13:10:34,063 inString WARNING buffer empty
2018-12-21 13:10:34,180 inString WARNING buffer empty
2018-12-21 13:10:34,298 inString WARNING buffer empty
2018-12-21 13:10:34,410 inString WARNING buffer empty
2018-12-21 13:10:34,525 inString WARNING buffer empty
2018-12-21 13:10:34,640 inString WARNING buffer empty
2018-12-21 13:10:34,756 inString WARNING buffer empty
2018-12-21 13:10:34,874 inString WARNING buffer empty
2018-12-21 13:10:34,987 inString WARNING buffer empty
2018-12-21 13:10:35,105 inString WARNING buffer empty
2018-12-21 13:10:35,224 inString WARNING buffer empty
2018-12-21 13:10:35,343 inString WARNING buffer empty
2018-12-21 13:10:35,461 inString WARNING buffer empty
2018-12-21 13:10:35,579 inString WARNING buffer empty
2018-12-21 13:10:35,691 inString WARNING buffer empty
2018-12-21 13:10:35,806 inString WARNING buffer empty
2018-12-21 13:10:35,918 inString WARNING buffer empty
2018-12-21 13:10:36,029 inString WARNING buffer empty
2018-12-21 13:10:36,145 inString WARNING buffer empty
2018-12-21 13:10:36,258 inString WARNING buffer empty
2018-12-21 13:10:36,375 inString WARNING buffer empty
2018-12-21 13:10:36,489 inString WARNING buffer empty
2018-12-21 13:10:36,602 inString WARNING buffer empty
2018-12-21 13:10:36,717 inString WARNING buffer empty
2018-12-21 13:10:36,832 inString WARNING buffer empty
2018-12-21 13:10:36,944 inString WARNING buffer empty
2018-12-21 13:10:37,061 inString WARNING buffer empty
2018-12-21 13:10:37,178 inString WARNING buffer empty
2018-12-21 13:10:37,300 inString WARNING buffer empty
2018-12-21 13:10:37,412 inString WARNING buffer empty
2018-12-21 13:10:37,529 inString WARNING buffer empty
2018-12-21 13:10:37,642 inString WARNING buffer empty
2018-12-21 13:10:37,757 inString WARNING buffer empty
2018-12-21 13:10:37,870 inString WARNING buffer empty
2018-12-21 13:10:37,986 inString WARNING buffer empty
2018-12-21 13:10:38,101 inString WARNING buffer empty
2018-12-21 13:10:38,218 inString WARNING buffer empty
2018-12-21 13:10:38,335 inString WARNING buffer empty
2018-12-21 13:10:38,451 inString WARNING buffer empty
2018-12-21 13:10:38,568 inString WARNING buffer empty
2018-12-21 13:10:38,686 inString WARNING buffer empty
2018-12-21 13:10:38,803 inString WARNING buffer empty
2018-12-21 13:10:38,918 inString WARNING buffer empty
2018-12-21 13:10:39,034 inString WARNING buffer empty
2018-12-21 13:10:39,147 inString WARNING buffer empty
2018-12-21 13:10:39,262 inString WARNING buffer empty
2018-12-21 13:10:39,380 inString WARNING buffer empty
2018-12-21 13:10:39,494 inString WARNING buffer empty
2018-12-21 13:10:39,608 inString WARNING buffer empty
2018-12-21 13:10:39,719 inString WARNING buffer empty
2018-12-21 13:10:39,831 inString WARNING buffer empty
2018-12-21 13:10:39,946 inString WARNING buffer empty
2018-12-21 13:10:40,061 inString WARNING buffer empty
2018-12-21 13:10:40,177 inString WARNING buffer empty
2018-12-21 13:10:40,293 inString WARNING buffer empty
2018-12-21 13:10:40,410 inString WARNING buffer empty
2018-12-21 13:10:40,526 inString WARNING buffer empty
2018-12-21 13:10:40,646 inString WARNING buffer empty
2018-12-21 13:10:40,763 inString WARNING buffer empty
2018-12-21 13:10:40,881 inString WARNING buffer empty
2018-12-21 13:10:40,997 inString WARNING buffer empty
2018-12-21 13:10:41,111 inString WARNING buffer empty
2018-12-21 13:10:41,229 inString WARNING buffer empty
2018-12-21 13:10:41,350 inString WARNING buffer empty
2018-12-21 13:10:41,465 inString WARNING buffer empty
2018-12-21 13:10:41,581 inString WARNING buffer empty
2018-12-21 13:10:41,697 inString WARNING buffer empty
2018-12-21 13:10:41,810 inString WARNING buffer empty
2018-12-21 13:10:41,923 inString WARNING buffer empty
2018-12-21 13:10:42,035 inString WARNING buffer empty
2018-12-21 13:10:42,150 inString WARNING buffer empty
2018-12-21 13:10:42,273 inString WARNING buffer empty
2018-12-21 13:10:42,392 inString WARNING buffer empty
2018-12-21 13:10:42,508 inString WARNING buffer empty
2018-12-21 13:10:42,622 inString WARNING buffer empty
2018-12-21 13:10:42,737 inString WARNING buffer empty
2018-12-21 13:10:42,854 inString WARNING buffer empty
2018-12-21 13:10:42,974 inString WARNING buffer empty
2018-12-21 13:10:43,091 inString WARNING buffer empty
2018-12-21 13:10:43,211 inString WARNING buffer empty
2018-12-21 13:10:43,329 inString WARNING buffer empty
2018-12-21 13:10:43,445 inString WARNING buffer empty
2018-12-21 13:10:43,558 inString WARNING buffer empty
2018-12-21 13:10:43,675 inString WARNING buffer empty
2018-12-21 13:10:43,789 inString WARNING buffer empty
2018-12-21 13:10:43,902 inString WARNING buffer empty
2018-12-21 13:10:44,017 inString WARNING buffer empty
2018-12-21 13:10:44,133 inString WARNING buffer empty
2018-12-21 13:10:44,246 inString WARNING buffer empty
2018-12-21 13:10:44,364 inString WARNING buffer empty
2018-12-21 13:10:44,478 inString WARNING buffer empty
2018-12-21 13:10:44,595 inString WARNING buffer empty
2018-12-21 13:10:44,709 inString WARNING buffer empty
2018-12-21 13:10:44,824 inString WARNING buffer empty
2018-12-21 13:10:44,940 inString WARNING buffer empty
2018-12-21 13:10:45,051 inString WARNING buffer empty
2018-12-21 13:10:45,167 inString WARNING buffer empty
2018-12-21 13:10:45,284 inString WARNING buffer empty
2018-12-21 13:10:45,399 inString WARNING buffer empty
2018-12-21 13:10:45,512 inString WARNING buffer empty
2018-12-21 13:10:45,623 inString WARNING buffer empty
2018-12-21 13:10:45,740 inString WARNING buffer empty
2018-12-21 13:10:45,853 inString WARNING buffer empty
2018-12-21 13:10:45,967 inString WARNING buffer empty
2018-12-21 13:10:46,082 inString WARNING buffer empty
2018-12-21 13:10:46,197 inString WARNING buffer empty
2018-12-21 13:10:46,314 inString WARNING buffer empty
2018-12-21 13:10:46,428 inString WARNING buffer empty
2018-12-21 13:11:38,495 ec_base WARNING The component is not responding.
2018-12-21 13:11:38,495 ec_base ERROR Unknown error: Invalid state transition.
2018-12-21 13:11:38,913 inString WARNING buffer empty
2018-12-21 13:11:39,026 inString WARNING buffer empty
2018-12-21 13:11:39,146 inString WARNING buffer empty
2018-12-21 13:11:39,266 inString WARNING buffer empty
2018-12-21 13:11:39,385 inString WARNING buffer empty
2018-12-21 13:11:39,501 inString WARNING buffer empty
2018-12-21 13:11:39,617 inString WARNING buffer empty
2018-12-21 13:11:39,736 inString WARNING buffer empty
2018-12-21 13:11:39,851 inString WARNING buffer empty
2018-12-21 13:11:39,971 inString WARNING buffer empty
2018-12-21 13:11:40,086 inString WARNING buffer empty
2018-12-21 13:11:40,203 inString WARNING buffer empty
2018-12-21 13:11:40,317 inString WARNING buffer empty
2018-12-21 13:11:40,429 inString WARNING buffer empty
2018-12-21 13:11:40,545 inString WARNING buffer empty
2018-12-21 13:11:40,659 inString WARNING buffer empty
2018-12-21 13:11:40,774 inString WARNING buffer empty
2018-12-21 13:11:40,885 inString WARNING buffer empty
2018-12-21 13:11:40,999 inString WARNING buffer empty
2018-12-21 13:11:41,115 inString WARNING buffer empty
2018-12-21 13:11:41,229 inString WARNING buffer empty
2018-12-21 13:11:41,341 inString WARNING buffer empty
2018-12-21 13:11:41,457 inString WARNING buffer empty
2018-12-21 13:11:41,573 inString WARNING buffer empty
2018-12-21 13:11:41,687 inString WARNING buffer empty
2018-12-21 13:11:41,801 inString WARNING buffer empty
2018-12-21 13:11:41,916 inString WARNING buffer empty
2018-12-21 13:11:42,029 inString WARNING buffer empty
2018-12-21 13:11:42,144 inString WARNING buffer empty
2018-12-21 13:11:42,264 inString WARNING buffer empty
2018-12-21 13:11:42,382 inString WARNING buffer empty
2018-12-21 13:11:42,495 inString WARNING buffer empty
2018-12-21 13:11:42,607 inString WARNING buffer empty
2018-12-21 13:11:42,720 inString WARNING buffer empty
2018-12-21 13:11:42,834 inString WARNING buffer empty
2018-12-21 13:11:42,950 inString WARNING buffer empty
2018-12-21 13:11:43,065 inString WARNING buffer empty
2018-12-21 13:11:43,178 inString WARNING buffer empty
2018-12-21 13:11:43,296 inString WARNING buffer empty
2018-12-21 13:11:43,412 inString WARNING buffer empty
2018-12-21 13:11:43,524 inString WARNING buffer empty
2018-12-21 13:11:43,637 inString WARNING buffer empty
2018-12-21 13:11:43,753 inString WARNING buffer empty
2018-12-21 13:11:43,864 inString WARNING buffer empty
2018-12-21 13:11:43,979 inString WARNING buffer empty
2018-12-21 13:11:44,095 inString WARNING buffer empty
2018-12-21 13:11:44,209 inString WARNING buffer empty
2018-12-21 13:11:44,327 inString WARNING buffer empty
2018-12-21 13:11:44,441 inString WARNING buffer empty
2018-12-21 13:11:44,555 inString WARNING buffer empty
2018-12-21 13:11:44,668 inString WARNING buffer empty
2018-12-21 13:11:44,780 inString WARNING buffer empty
2018-12-21 13:11:44,899 inString WARNING buffer empty
2018-12-21 13:11:45,012 inString WARNING buffer empty
2018-12-21 13:11:45,128 inString WARNING buffer empty
2018-12-21 13:11:45,242 inString WARNING buffer empty
2018-12-21 13:11:45,358 inString WARNING buffer empty
2018-12-21 13:11:45,473 inString WARNING buffer empty
2018-12-21 13:11:45,588 inString WARNING buffer empty
2018-12-21 13:11:45,704 inString WARNING buffer empty
2018-12-21 13:11:45,818 inString WARNING buffer empty
2018-12-21 13:11:45,931 inString WARNING buffer empty
2018-12-21 13:11:46,049 inString WARNING buffer empty
2018-12-21 13:11:46,167 inString WARNING buffer empty
2018-12-21 13:11:46,288 inString WARNING buffer empty
2018-12-21 13:11:46,410 inString WARNING buffer empty
2018-12-21 13:11:46,524 inString WARNING buffer empty
2018-12-21 13:11:46,637 inString WARNING buffer empty
2018-12-21 13:11:46,753 inString WARNING buffer empty
2018-12-21 13:11:46,868 inString WARNING buffer empty
2018-12-21 13:11:46,981 inString WARNING buffer empty
2018-12-21 13:11:47,096 inString WARNING buffer empty
2018-12-21 13:11:47,209 inString WARNING buffer empty
2018-12-21 13:11:47,323 inString WARNING buffer empty
2018-12-21 13:11:47,435 inString WARNING buffer empty
2018-12-21 13:11:47,548 inString WARNING buffer empty
2018-12-21 13:11:47,662 inString WARNING buffer empty
2018-12-21 13:11:47,775 inString WARNING buffer empty
2018-12-21 13:11:47,887 inString WARNING buffer empty
2018-12-21 13:11:48,001 inString WARNING buffer empty
2018-12-21 13:11:48,114 inString WARNING buffer empty
2018-12-21 13:11:48,230 inString WARNING buffer empty
2018-12-21 13:11:48,345 inString WARNING buffer empty
2018-12-21 13:11:48,458 inString WARNING buffer empty
2018-12-21 13:11:48,572 inString WARNING buffer empty
2018-12-21 13:11:48,689 inString WARNING buffer empty
2018-12-21 13:11:48,804 inString WARNING buffer empty
2018-12-21 13:11:48,920 inString WARNING buffer empty
2018-12-21 13:11:49,034 inString WARNING buffer empty
2018-12-21 13:11:49,147 inString WARNING buffer empty
2018-12-21 13:11:49,267 inString WARNING buffer empty
2018-12-21 13:11:49,382 inString WARNING buffer empty
2018-12-21 13:11:49,495 inString WARNING buffer empty
2018-12-21 13:11:49,610 inString WARNING buffer empty
2018-12-21 13:11:49,724 inString WARNING buffer empty
2018-12-21 13:11:49,836 inString WARNING buffer empty
2018-12-21 13:11:49,950 inString WARNING buffer empty
2018-12-21 13:11:50,064 inString WARNING buffer empty
2018-12-21 13:11:50,181 inString WARNING buffer empty
2018-12-21 13:11:50,299 inString WARNING buffer empty
2018-12-21 13:11:50,415 inString WARNING buffer empty
2018-12-21 13:11:50,528 inString WARNING buffer empty
2018-12-21 13:11:50,642 inString WARNING buffer empty
2018-12-21 13:11:50,757 inString WARNING buffer empty
2018-12-21 13:11:50,870 inString WARNING buffer empty
2018-12-21 13:11:50,982 inString WARNING buffer empty
2018-12-21 13:11:51,098 inString WARNING buffer empty
2018-12-21 13:11:51,214 inString WARNING buffer empty
2018-12-21 13:11:51,336 inString WARNING buffer empty
2018-12-21 13:11:51,451 inString WARNING buffer empty
2018-12-21 13:11:51,566 inString WARNING buffer empty
2018-12-21 13:11:51,682 inString WARNING buffer empty
2018-12-21 13:11:51,795 inString WARNING buffer empty
2018-12-21 13:11:51,910 inString WARNING buffer empty
2018-12-21 13:11:52,025 inString WARNING buffer empty
2018-12-21 13:11:52,138 inString WARNING buffer empty
2018-12-21 13:11:52,257 inString WARNING buffer empty
2018-12-21 13:11:52,372 inString WARNING buffer empty
2018-12-21 13:11:52,483 inString WARNING buffer empty
2018-12-21 13:11:52,597 inString WARNING buffer empty
2018-12-21 13:11:52,711 inString WARNING buffer empty
2018-12-21 13:11:52,824 inString WARNING buffer empty
2018-12-21 13:11:52,939 inString WARNING buffer empty
2018-12-21 13:11:53,053 inString WARNING buffer empty
2018-12-21 13:11:53,167 inString WARNING buffer empty
2018-12-21 13:11:53,283 inString WARNING buffer empty
2018-12-21 13:11:53,399 inString WARNING buffer empty
2018-12-21 13:11:53,515 inString WARNING buffer empty
2018-12-21 13:11:53,629 inString WARNING buffer empty
2018-12-21 13:11:53,740 inString WARNING buffer empty
2018-12-21 13:11:53,856 inString WARNING buffer empty
2018-12-21 13:11:53,970 inString WARNING buffer empty
2018-12-21 13:11:54,085 inString WARNING buffer empty
2018-12-21 13:11:54,206 inString WARNING buffer empty
2018-12-21 13:11:54,326 inString WARNING buffer empty
2018-12-21 13:11:54,443 inString WARNING buffer empty
2018-12-21 13:11:54,564 inString WARNING buffer empty
2018-12-21 13:11:54,683 inString WARNING buffer empty
2018-12-21 13:11:54,798 inString WARNING buffer empty
2018-12-21 13:11:54,909 inString WARNING buffer empty
2018-12-21 13:11:55,026 inString WARNING buffer empty
2018-12-21 13:11:55,145 inString WARNING buffer empty
2018-12-21 13:11:55,264 inString WARNING buffer empty
2018-12-21 13:11:55,382 inString WARNING buffer empty
2018-12-21 13:11:55,494 inString WARNING buffer empty
2018-12-21 13:11:55,610 inString WARNING buffer empty
2018-12-21 13:11:55,723 inString WARNING buffer empty
2018-12-21 13:11:55,836 inString WARNING buffer empty
2018-12-21 13:11:55,948 inString WARNING buffer empty
2018-12-21 13:11:56,063 inString WARNING buffer empty
2018-12-21 13:11:56,177 inString WARNING buffer empty
2018-12-21 13:11:56,296 inString WARNING buffer empty
2018-12-21 13:11:56,412 inString WARNING buffer empty
2018-12-21 13:11:56,526 inString WARNING buffer empty
2018-12-21 13:11:56,638 inString WARNING buffer empty
2018-12-21 13:11:56,751 inString WARNING buffer empty
2018-12-21 13:11:56,863 inString WARNING buffer empty
2018-12-21 13:11:56,979 inString WARNING buffer empty
2018-12-21 13:11:57,091 inString WARNING buffer empty
2018-12-21 13:11:57,207 inString WARNING buffer empty
2018-12-21 13:11:57,323 inString WARNING buffer empty
2018-12-21 13:11:57,436 inString WARNING buffer empty
2018-12-21 13:11:57,555 inString WARNING buffer empty
2018-12-21 13:11:57,677 inString WARNING buffer empty
2018-12-21 13:11:57,792 inString WARNING buffer empty
2018-12-21 13:11:57,905 inString WARNING buffer empty
2018-12-21 13:11:58,019 inString WARNING buffer empty
2018-12-21 13:11:58,134 inString WARNING buffer empty
2018-12-21 13:11:58,250 inString WARNING buffer empty
2018-12-21 13:11:58,369 inString WARNING buffer empty
2018-12-21 13:11:58,481 inString WARNING buffer empty
2018-12-21 13:11:58,595 inString WARNING buffer empty
2018-12-21 13:11:58,708 inString WARNING buffer empty
2018-12-21 13:11:58,822 inString WARNING buffer empty
2018-12-21 13:11:58,935 inString WARNING buffer empty
2018-12-21 13:11:59,046 inString WARNING buffer empty
2018-12-21 13:11:59,162 inString WARNING buffer empty
2018-12-21 13:11:59,280 inString WARNING buffer empty
2018-12-21 13:11:59,395 inString WARNING buffer empty
2018-12-21 13:11:59,508 inString WARNING buffer empty
2018-12-21 13:11:59,623 inString WARNING buffer empty
2018-12-21 13:11:59,737 inString WARNING buffer empty
2018-12-21 13:11:59,854 inString WARNING buffer empty
2018-12-21 13:11:59,968 inString WARNING buffer empty
2018-12-21 13:12:00,084 inString WARNING buffer empty
2018-12-21 13:12:00,202 inString WARNING buffer empty
2018-12-21 13:12:00,318 inString WARNING buffer empty
2018-12-21 13:12:00,433 inString WARNING buffer empty
2018-12-21 13:12:00,547 inString WARNING buffer empty
2018-12-21 13:12:00,663 inString WARNING buffer empty
2018-12-21 13:12:00,777 inString WARNING buffer empty
2018-12-21 13:12:00,891 inString WARNING buffer empty
2018-12-21 13:12:01,007 inString WARNING buffer empty
2018-12-21 13:12:01,122 inString WARNING buffer empty
2018-12-21 13:12:01,239 inString WARNING buffer empty
2018-12-21 13:12:01,357 inString WARNING buffer empty
2018-12-21 13:12:01,473 inString WARNING buffer empty
2018-12-21 13:12:01,592 inString WARNING buffer empty
2018-12-21 13:12:01,708 inString WARNING buffer empty
2018-12-21 13:12:01,823 inString WARNING buffer empty
2018-12-21 13:12:01,938 inString WARNING buffer empty
2018-12-21 13:12:02,056 inString WARNING buffer empty
2018-12-21 13:12:02,172 inString WARNING buffer empty
2018-12-21 13:12:02,289 inString WARNING buffer empty
2018-12-21 13:12:02,402 inString WARNING buffer empty
2018-12-21 13:12:02,519 inString WARNING buffer empty
2018-12-21 13:12:02,634 inString WARNING buffer empty
2018-12-21 13:12:02,751 inString WARNING buffer empty
2018-12-21 13:12:02,862 inString WARNING buffer empty
2018-12-21 13:12:02,976 inString WARNING buffer empty
2018-12-21 13:12:03,086 inString WARNING buffer empty
2018-12-21 13:12:03,202 inString WARNING buffer empty
2018-12-21 13:12:03,319 inString WARNING buffer empty
2018-12-21 13:12:03,433 inString WARNING buffer empty
2018-12-21 13:12:03,545 inString WARNING buffer empty
2018-12-21 13:12:03,663 inString WARNING buffer empty
2018-12-21 13:12:03,777 inString WARNING buffer empty
2018-12-21 13:12:03,891 inString WARNING buffer empty
2018-12-21 13:12:04,005 inString WARNING buffer empty
2018-12-21 13:12:04,118 inString WARNING buffer empty
2018-12-21 13:12:04,235 inString WARNING buffer empty
2018-12-21 13:12:04,355 inString WARNING buffer empty
2018-12-21 13:12:04,468 inString WARNING buffer empty
2018-12-21 13:12:04,583 inString WARNING buffer empty
2018-12-21 13:12:04,700 inString WARNING buffer empty
2018-12-21 13:12:04,816 inString WARNING buffer empty
2018-12-21 13:12:04,929 inString WARNING buffer empty
2018-12-21 13:12:05,046 inString WARNING buffer empty
2018-12-21 13:12:05,161 inString WARNING buffer empty
2018-12-21 13:12:05,277 inString WARNING buffer empty
2018-12-21 13:12:05,397 inString WARNING buffer empty
2018-12-21 13:12:05,513 inString WARNING buffer empty
2018-12-21 13:12:05,628 inString WARNING buffer empty
2018-12-21 13:12:05,742 inString WARNING buffer empty
2018-12-21 13:12:05,856 inString WARNING buffer empty
2018-12-21 13:12:05,970 inString WARNING buffer empty
2018-12-21 13:12:06,084 inString WARNING buffer empty
2018-12-21 13:12:06,200 inString WARNING buffer empty
2018-12-21 13:12:06,317 inString WARNING buffer empty
2018-12-21 13:12:06,432 inString WARNING buffer empty
2018-12-21 13:12:06,547 inString WARNING buffer empty
2018-12-21 13:12:06,661 inString WARNING buffer empty
2018-12-21 13:12:06,775 inString WARNING buffer empty
2018-12-21 13:12:06,891 inString WARNING buffer empty
2018-12-21 13:12:07,006 inString WARNING buffer empty
2018-12-21 13:12:07,119 inString WARNING buffer empty
2018-12-21 13:12:07,238 inString WARNING buffer empty
2018-12-21 13:12:07,359 inString WARNING buffer empty
2018-12-21 13:12:07,470 inString WARNING buffer empty
2018-12-21 13:12:07,584 inString WARNING buffer empty
2018-12-21 13:12:07,701 inString WARNING buffer empty
2018-12-21 13:12:07,818 inString WARNING buffer empty
2018-12-21 13:12:07,932 inString WARNING buffer empty
2018-12-21 13:12:08,048 inString WARNING buffer empty
2018-12-21 13:12:08,163 inString WARNING buffer empty
2018-12-21 13:12:08,279 inString WARNING buffer empty
2018-12-21 13:12:08,397 inString WARNING buffer empty
2018-12-21 13:12:08,510 inString WARNING buffer empty
2018-12-21 13:12:08,623 inString WARNING buffer empty
2018-12-21 13:12:08,735 inString WARNING buffer empty
2018-12-21 13:12:08,849 inString WARNING buffer empty
2018-12-21 13:12:08,964 inString WARNING buffer empty
2018-12-21 13:12:09,079 inString WARNING buffer empty
2018-12-21 13:12:09,196 inString WARNING buffer empty
2018-12-21 13:12:09,314 inString WARNING buffer empty
2018-12-21 13:12:09,428 inString WARNING buffer empty
2018-12-21 13:12:09,546 inString WARNING buffer empty
2018-12-21 13:12:09,658 inString WARNING buffer empty
2018-12-21 13:12:09,771 inString WARNING buffer empty
2018-12-21 13:12:09,885 inString WARNING buffer empty
2018-12-21 13:12:10,000 inString WARNING buffer empty
2018-12-21 13:12:10,113 inString WARNING buffer empty
2018-12-21 13:12:10,229 inString WARNING buffer empty
2018-12-21 13:12:10,354 inString WARNING buffer empty
2018-12-21 13:12:10,474 inString WARNING buffer empty
2018-12-21 13:12:10,588 inString WARNING buffer empty
2018-12-21 13:12:10,701 inString WARNING buffer empty
2018-12-21 13:12:10,814 inString WARNING buffer empty
2018-12-21 13:12:10,928 inString WARNING buffer empty
2018-12-21 13:12:11,043 inString WARNING buffer empty
2018-12-21 13:12:11,161 inString WARNING buffer empty
2018-12-21 13:12:11,275 inString WARNING buffer empty
2018-12-21 13:12:11,391 inString WARNING buffer empty
2018-12-21 13:12:11,503 inString WARNING buffer empty
2018-12-21 13:12:11,619 inString WARNING buffer empty
2018-12-21 13:12:11,731 inString WARNING buffer empty
2018-12-21 13:12:11,837 inString WARNING buffer empty
