2018-12-22 08:36:19,907 manager INFO 1.1.0
2018-12-22 08:36:19,908 manager INFO Copyright (C) 2003-2010
2018-12-22 08:36:19,908 manager INFO   Noriaki Ando
2018-12-22 08:36:19,908 manager INFO   Intelligent Systems Research Institute, AIST
2018-12-22 08:36:19,908 manager INFO Manager starting.
2018-12-22 08:36:19,908 manager INFO Starting local logging.
2018-12-22 08:36:19,911 manager.namingmanager INFO NameServer connection succeeded: corba/localhost
2018-12-22 08:36:19,912 ManagerServant INFO Master manager not found
2018-12-22 08:36:19,913 LocalServiceAdmin INFO All the local services are enabled.
2018-12-22 08:36:19,915 manager INFO Component type conf file: Deep_LearningRTC.conf loaded.
2018-12-22 08:36:19,916 ec_base INFO setRate(1000000.000000) done
2018-12-22 08:36:19,916 ec_base INFO setRate(1000.000000) done
2018-12-22 08:36:19,916 rtobject INFO 1 execution context was created.
2018-12-22 08:36:19,919 rtobject INFO Initial active configuration set is default.
2018-12-22 08:36:25,667 SdoServiceAdmin WARNING No available SDO service in the factory: 
2018-12-22 08:36:25,668 SdoServiceAdmin ERROR type  already exists.
2018-12-22 08:36:25,671 SdoServiceAdmin WARNING No available SDO service in the factory: IDL:OpenRTM/ComponentObserver:1.0
2018-12-22 08:36:25,671 SdoServiceAdmin ERROR type 5c351934-d823-43ba-9d58-e816a31480eb already exists.
2018-12-22 08:36:42,665 ec_base WARNING The component is not responding.
2018-12-22 08:36:42,666 ec_base ERROR Unknown error: Invalid state transition.
2018-12-22 08:36:43,861 inString WARNING buffer empty
2018-12-22 08:36:43,985 inString WARNING buffer empty
2018-12-22 08:36:44,106 inString WARNING buffer empty
2018-12-22 08:36:44,229 inString WARNING buffer empty
2018-12-22 08:36:44,355 inString WARNING buffer empty
2018-12-22 08:36:44,477 inString WARNING buffer empty
2018-12-22 08:36:44,598 inString WARNING buffer empty
2018-12-22 08:36:44,721 inString WARNING buffer empty
2018-12-22 08:36:44,846 inString WARNING buffer empty
2018-12-22 08:36:44,971 inString WARNING buffer empty
2018-12-22 08:36:45,089 inString WARNING buffer empty
2018-12-22 08:36:45,215 inString WARNING buffer empty
2018-12-22 08:36:45,340 inString WARNING buffer empty
2018-12-22 08:36:45,463 inString WARNING buffer empty
2018-12-22 08:36:45,582 inString WARNING buffer empty
2018-12-22 08:36:45,705 inString WARNING buffer empty
2018-12-22 08:36:45,830 inString WARNING buffer empty
2018-12-22 08:36:45,955 inString WARNING buffer empty
2018-12-22 08:36:46,074 inString WARNING buffer empty
2018-12-22 08:36:46,199 inString WARNING buffer empty
2018-12-22 08:36:46,322 inString WARNING buffer empty
2018-12-22 08:36:46,447 inString WARNING buffer empty
2018-12-22 08:36:46,567 inString WARNING buffer empty
2018-12-22 08:36:46,690 inString WARNING buffer empty
2018-12-22 08:36:46,814 inString WARNING buffer empty
2018-12-22 08:36:46,938 inString WARNING buffer empty
2018-12-22 08:36:47,058 inString WARNING buffer empty
2018-12-22 08:36:47,172 inString WARNING buffer empty
2018-12-22 08:36:47,287 inString WARNING buffer empty
2018-12-22 08:36:47,401 inString WARNING buffer empty
2018-12-22 08:36:47,519 inString WARNING buffer empty
2018-12-22 08:36:47,636 inString WARNING buffer empty
2018-12-22 08:36:47,754 inString WARNING buffer empty
2018-12-22 08:36:47,868 inString WARNING buffer empty
2018-12-22 08:36:47,981 inString WARNING buffer empty
2018-12-22 08:36:48,095 inString WARNING buffer empty
2018-12-22 08:36:48,212 inString WARNING buffer empty
2018-12-22 08:36:48,327 inString WARNING buffer empty
2018-12-22 08:36:48,444 inString WARNING buffer empty
2018-12-22 08:36:48,560 inString WARNING buffer empty
2018-12-22 08:36:48,677 inString WARNING buffer empty
2018-12-22 08:36:48,795 inString WARNING buffer empty
2018-12-22 08:36:48,912 inString WARNING buffer empty
2018-12-22 08:36:49,027 inString WARNING buffer empty
2018-12-22 08:36:49,142 inString WARNING buffer empty
2018-12-22 08:36:49,256 inString WARNING buffer empty
2018-12-22 08:36:49,372 inString WARNING buffer empty
2018-12-22 08:36:49,489 inString WARNING buffer empty
2018-12-22 08:36:49,604 inString WARNING buffer empty
2018-12-22 08:36:49,718 inString WARNING buffer empty
2018-12-22 08:36:49,834 inString WARNING buffer empty
2018-12-22 08:36:49,949 inString WARNING buffer empty
2018-12-22 08:36:50,063 inString WARNING buffer empty
2018-12-22 08:36:50,175 inString WARNING buffer empty
2018-12-22 08:36:50,292 inString WARNING buffer empty
2018-12-22 08:36:50,410 inString WARNING buffer empty
2018-12-22 08:36:50,527 inString WARNING buffer empty
2018-12-22 08:36:50,638 inString WARNING buffer empty
2018-12-22 08:36:50,752 inString WARNING buffer empty
2018-12-22 08:36:50,867 inString WARNING buffer empty
2018-12-22 08:36:50,979 inString WARNING buffer empty
2018-12-22 08:36:51,090 inString WARNING buffer empty
2018-12-22 08:36:51,204 inString WARNING buffer empty
2018-12-22 08:36:51,319 inString WARNING buffer empty
2018-12-22 08:36:51,438 inString WARNING buffer empty
2018-12-22 08:36:51,553 inString WARNING buffer empty
2018-12-22 08:36:51,670 inString WARNING buffer empty
2018-12-22 08:36:51,783 inString WARNING buffer empty
2018-12-22 08:36:51,897 inString WARNING buffer empty
2018-12-22 08:36:52,013 inString WARNING buffer empty
2018-12-22 08:36:52,129 inString WARNING buffer empty
2018-12-22 08:36:52,244 inString WARNING buffer empty
2018-12-22 08:36:52,359 inString WARNING buffer empty
2018-12-22 08:36:52,474 inString WARNING buffer empty
2018-12-22 08:36:52,587 inString WARNING buffer empty
2018-12-22 08:36:52,705 inString WARNING buffer empty
2018-12-22 08:36:52,819 inString WARNING buffer empty
2018-12-22 08:36:52,934 inString WARNING buffer empty
2018-12-22 08:36:53,048 inString WARNING buffer empty
2018-12-22 08:36:53,161 inString WARNING buffer empty
2018-12-22 08:36:53,275 inString WARNING buffer empty
2018-12-22 08:36:53,392 inString WARNING buffer empty
2018-12-22 08:36:53,509 inString WARNING buffer empty
2018-12-22 08:36:53,622 inString WARNING buffer empty
2018-12-22 08:36:53,739 inString WARNING buffer empty
2018-12-22 08:36:53,855 inString WARNING buffer empty
2018-12-22 08:36:53,972 inString WARNING buffer empty
2018-12-22 08:36:54,086 inString WARNING buffer empty
2018-12-22 08:36:54,202 inString WARNING buffer empty
2018-12-22 08:36:54,317 inString WARNING buffer empty
2018-12-22 08:36:54,434 inString WARNING buffer empty
2018-12-22 08:36:54,549 inString WARNING buffer empty
2018-12-22 08:36:54,668 inString WARNING buffer empty
2018-12-22 08:36:54,787 inString WARNING buffer empty
2018-12-22 08:36:54,902 inString WARNING buffer empty
2018-12-22 08:36:55,016 inString WARNING buffer empty
2018-12-22 08:36:55,129 inString WARNING buffer empty
2018-12-22 08:36:55,245 inString WARNING buffer empty
2018-12-22 08:36:55,364 inString WARNING buffer empty
2018-12-22 08:36:55,479 inString WARNING buffer empty
2018-12-22 08:36:55,592 inString WARNING buffer empty
2018-12-22 08:36:55,708 inString WARNING buffer empty
2018-12-22 08:36:55,825 inString WARNING buffer empty
2018-12-22 08:36:55,940 inString WARNING buffer empty
2018-12-22 08:36:56,054 inString WARNING buffer empty
2018-12-22 08:36:56,164 inString WARNING buffer empty
2018-12-22 08:36:56,278 inString WARNING buffer empty
2018-12-22 08:36:56,394 inString WARNING buffer empty
2018-12-22 08:36:56,508 inString WARNING buffer empty
2018-12-22 08:36:56,623 inString WARNING buffer empty
2018-12-22 08:36:56,735 inString WARNING buffer empty
2018-12-22 08:36:56,853 inString WARNING buffer empty
2018-12-22 08:36:56,966 inString WARNING buffer empty
2018-12-22 08:36:57,081 inString WARNING buffer empty
2018-12-22 08:36:57,197 inString WARNING buffer empty
2018-12-22 08:36:57,311 inString WARNING buffer empty
2018-12-22 08:36:57,426 inString WARNING buffer empty
2018-12-22 08:36:57,541 inString WARNING buffer empty
2018-12-22 08:36:57,655 inString WARNING buffer empty
2018-12-22 08:36:57,769 inString WARNING buffer empty
2018-12-22 08:36:57,880 inString WARNING buffer empty
2018-12-22 08:36:58,000 inString WARNING buffer empty
2018-12-22 08:36:58,116 inString WARNING buffer empty
2018-12-22 08:36:58,229 inString WARNING buffer empty
2018-12-22 08:36:58,343 inString WARNING buffer empty
2018-12-22 08:36:58,461 inString WARNING buffer empty
2018-12-22 08:36:58,576 inString WARNING buffer empty
2018-12-22 08:36:58,693 inString WARNING buffer empty
2018-12-22 08:36:58,808 inString WARNING buffer empty
2018-12-22 08:36:58,923 inString WARNING buffer empty
2018-12-22 08:36:59,038 inString WARNING buffer empty
2018-12-22 08:36:59,156 inString WARNING buffer empty
2018-12-22 08:36:59,270 inString WARNING buffer empty
2018-12-22 08:36:59,386 inString WARNING buffer empty
2018-12-22 08:36:59,498 inString WARNING buffer empty
2018-12-22 08:36:59,614 inString WARNING buffer empty
2018-12-22 08:36:59,727 inString WARNING buffer empty
2018-12-22 08:36:59,848 inString WARNING buffer empty
2018-12-22 08:36:59,965 inString WARNING buffer empty
2018-12-22 08:37:00,079 inString WARNING buffer empty
2018-12-22 08:37:00,194 inString WARNING buffer empty
2018-12-22 08:37:00,308 inString WARNING buffer empty
2018-12-22 08:37:00,426 inString WARNING buffer empty
2018-12-22 08:37:00,544 inString WARNING buffer empty
2018-12-22 08:37:00,659 inString WARNING buffer empty
2018-12-22 08:37:00,773 inString WARNING buffer empty
2018-12-22 08:37:00,887 inString WARNING buffer empty
2018-12-22 08:37:01,005 inString WARNING buffer empty
2018-12-22 08:37:01,120 inString WARNING buffer empty
2018-12-22 08:37:01,236 inString WARNING buffer empty
2018-12-22 08:37:01,355 inString WARNING buffer empty
2018-12-22 08:37:01,475 inString WARNING buffer empty
2018-12-22 08:37:01,589 inString WARNING buffer empty
2018-12-22 08:37:01,703 inString WARNING buffer empty
2018-12-22 08:37:01,818 inString WARNING buffer empty
2018-12-22 08:37:01,932 inString WARNING buffer empty
2018-12-22 08:37:02,047 inString WARNING buffer empty
2018-12-22 08:37:02,162 inString WARNING buffer empty
2018-12-22 08:37:02,276 inString WARNING buffer empty
2018-12-22 08:37:02,391 inString WARNING buffer empty
2018-12-22 08:37:02,505 inString WARNING buffer empty
2018-12-22 08:37:02,619 inString WARNING buffer empty
2018-12-22 08:37:02,731 inString WARNING buffer empty
2018-12-22 08:37:02,846 inString WARNING buffer empty
2018-12-22 08:37:02,961 inString WARNING buffer empty
2018-12-22 08:37:03,076 inString WARNING buffer empty
2018-12-22 08:37:03,189 inString WARNING buffer empty
2018-12-22 08:37:03,301 inString WARNING buffer empty
2018-12-22 08:37:03,421 inString WARNING buffer empty
2018-12-22 08:37:03,533 inString WARNING buffer empty
2018-12-22 08:37:03,648 inString WARNING buffer empty
2018-12-22 08:37:03,766 inString WARNING buffer empty
2018-12-22 08:37:03,880 inString WARNING buffer empty
2018-12-22 08:37:03,991 inString WARNING buffer empty
2018-12-22 08:37:04,108 inString WARNING buffer empty
2018-12-22 08:37:04,226 inString WARNING buffer empty
2018-12-22 08:37:04,342 inString WARNING buffer empty
2018-12-22 08:37:04,463 inString WARNING buffer empty
2018-12-22 08:37:04,577 inString WARNING buffer empty
2018-12-22 08:37:04,693 inString WARNING buffer empty
2018-12-22 08:37:04,808 inString WARNING buffer empty
2018-12-22 08:37:04,924 inString WARNING buffer empty
2018-12-22 08:37:05,038 inString WARNING buffer empty
2018-12-22 08:37:05,152 inString WARNING buffer empty
2018-12-22 08:37:05,265 inString WARNING buffer empty
2018-12-22 08:37:05,380 inString WARNING buffer empty
2018-12-22 08:37:05,496 inString WARNING buffer empty
2018-12-22 08:37:05,610 inString WARNING buffer empty
2018-12-22 08:37:05,724 inString WARNING buffer empty
2018-12-22 08:37:05,836 inString WARNING buffer empty
2018-12-22 08:37:05,953 inString WARNING buffer empty
2018-12-22 08:37:06,070 inString WARNING buffer empty
2018-12-22 08:37:06,185 inString WARNING buffer empty
2018-12-22 08:37:06,300 inString WARNING buffer empty
2018-12-22 08:37:06,420 inString WARNING buffer empty
2018-12-22 08:37:06,533 inString WARNING buffer empty
2018-12-22 08:37:06,647 inString WARNING buffer empty
2018-12-22 08:37:06,763 inString WARNING buffer empty
2018-12-22 08:37:06,878 inString WARNING buffer empty
2018-12-22 08:37:06,992 inString WARNING buffer empty
2018-12-22 08:37:07,108 inString WARNING buffer empty
2018-12-22 08:37:07,222 inString WARNING buffer empty
2018-12-22 08:37:07,341 inString WARNING buffer empty
2018-12-22 08:37:07,463 inString WARNING buffer empty
2018-12-22 08:37:07,578 inString WARNING buffer empty
2018-12-22 08:37:07,692 inString WARNING buffer empty
2018-12-22 08:37:07,805 inString WARNING buffer empty
2018-12-22 08:37:07,924 inString WARNING buffer empty
2018-12-22 08:37:08,037 inString WARNING buffer empty
2018-12-22 08:37:08,152 inString WARNING buffer empty
2018-12-22 08:37:08,267 inString WARNING buffer empty
2018-12-22 08:37:08,384 inString WARNING buffer empty
2018-12-22 08:37:08,499 inString WARNING buffer empty
2018-12-22 08:37:08,613 inString WARNING buffer empty
2018-12-22 08:37:08,729 inString WARNING buffer empty
2018-12-22 08:37:08,845 inString WARNING buffer empty
2018-12-22 08:37:08,958 inString WARNING buffer empty
2018-12-22 08:37:09,073 inString WARNING buffer empty
2018-12-22 08:37:09,187 inString WARNING buffer empty
2018-12-22 08:37:09,302 inString WARNING buffer empty
2018-12-22 08:37:09,417 inString WARNING buffer empty
2018-12-22 08:37:09,532 inString WARNING buffer empty
2018-12-22 08:37:09,645 inString WARNING buffer empty
2018-12-22 08:37:09,758 inString WARNING buffer empty
2018-12-22 08:37:09,873 inString WARNING buffer empty
2018-12-22 08:37:09,988 inString WARNING buffer empty
2018-12-22 08:37:10,103 inString WARNING buffer empty
2018-12-22 08:37:10,220 inString WARNING buffer empty
2018-12-22 08:37:10,334 inString WARNING buffer empty
2018-12-22 08:37:10,447 inString WARNING buffer empty
2018-12-22 08:37:10,562 inString WARNING buffer empty
2018-12-22 08:37:10,675 inString WARNING buffer empty
2018-12-22 08:37:10,789 inString WARNING buffer empty
2018-12-22 08:37:10,902 inString WARNING buffer empty
2018-12-22 08:37:11,017 inString WARNING buffer empty
2018-12-22 08:37:11,128 inString WARNING buffer empty
2018-12-22 08:37:11,242 inString WARNING buffer empty
2018-12-22 08:37:11,354 inString WARNING buffer empty
2018-12-22 08:37:11,470 inString WARNING buffer empty
2018-12-22 08:37:11,587 inString WARNING buffer empty
2018-12-22 08:37:11,704 inString WARNING buffer empty
2018-12-22 08:37:11,820 inString WARNING buffer empty
2018-12-22 08:37:11,932 inString WARNING buffer empty
2018-12-22 08:37:12,047 inString WARNING buffer empty
2018-12-22 08:37:12,161 inString WARNING buffer empty
2018-12-22 08:37:12,273 inString WARNING buffer empty
2018-12-22 08:37:12,388 inString WARNING buffer empty
2018-12-22 08:37:12,506 inString WARNING buffer empty
2018-12-22 08:37:12,620 inString WARNING buffer empty
2018-12-22 08:37:12,734 inString WARNING buffer empty
2018-12-22 08:37:12,849 inString WARNING buffer empty
2018-12-22 08:37:12,965 inString WARNING buffer empty
2018-12-22 08:37:13,080 inString WARNING buffer empty
2018-12-22 08:37:13,191 inString WARNING buffer empty
2018-12-22 08:37:13,308 inString WARNING buffer empty
2018-12-22 08:37:13,426 inString WARNING buffer empty
2018-12-22 08:37:13,542 inString WARNING buffer empty
2018-12-22 08:37:13,654 inString WARNING buffer empty
2018-12-22 08:37:13,769 inString WARNING buffer empty
2018-12-22 08:37:13,886 inString WARNING buffer empty
2018-12-22 08:37:13,999 inString WARNING buffer empty
2018-12-22 08:37:14,112 inString WARNING buffer empty
2018-12-22 08:37:14,229 inString WARNING buffer empty
2018-12-22 08:37:14,344 inString WARNING buffer empty
2018-12-22 08:37:14,463 inString WARNING buffer empty
2018-12-22 08:37:14,575 inString WARNING buffer empty
2018-12-22 08:37:14,693 inString WARNING buffer empty
2018-12-22 08:37:14,807 inString WARNING buffer empty
2018-12-22 08:37:14,921 inString WARNING buffer empty
2018-12-22 08:37:15,037 inString WARNING buffer empty
2018-12-22 08:37:15,152 inString WARNING buffer empty
2018-12-22 08:37:15,268 inString WARNING buffer empty
2018-12-22 08:37:15,385 inString WARNING buffer empty
2018-12-22 08:37:15,501 inString WARNING buffer empty
2018-12-22 08:37:15,617 inString WARNING buffer empty
2018-12-22 08:37:15,733 inString WARNING buffer empty
2018-12-22 08:37:15,848 inString WARNING buffer empty
2018-12-22 08:37:15,962 inString WARNING buffer empty
2018-12-22 08:37:16,078 inString WARNING buffer empty
2018-12-22 08:37:16,192 inString WARNING buffer empty
2018-12-22 08:37:16,306 inString WARNING buffer empty
2018-12-22 08:37:16,425 inString WARNING buffer empty
2018-12-22 08:37:16,543 inString WARNING buffer empty
2018-12-22 08:37:16,657 inString WARNING buffer empty
2018-12-22 08:37:16,772 inString WARNING buffer empty
2018-12-22 08:37:16,888 inString WARNING buffer empty
2018-12-22 08:37:17,004 inString WARNING buffer empty
2018-12-22 08:37:17,119 inString WARNING buffer empty
2018-12-22 08:37:17,231 inString WARNING buffer empty
2018-12-22 08:37:17,347 inString WARNING buffer empty
2018-12-22 08:37:17,464 inString WARNING buffer empty
2018-12-22 08:37:17,580 inString WARNING buffer empty
2018-12-22 08:37:17,693 inString WARNING buffer empty
2018-12-22 08:37:17,808 inString WARNING buffer empty
2018-12-22 08:37:17,922 inString WARNING buffer empty
2018-12-22 08:37:18,037 inString WARNING buffer empty
2018-12-22 08:37:18,151 inString WARNING buffer empty
2018-12-22 08:37:18,265 inString WARNING buffer empty
2018-12-22 08:37:18,383 inString WARNING buffer empty
2018-12-22 08:37:18,499 inString WARNING buffer empty
2018-12-22 08:37:18,613 inString WARNING buffer empty
2018-12-22 08:37:18,730 inString WARNING buffer empty
2018-12-22 08:37:18,848 inString WARNING buffer empty
2018-12-22 08:37:18,964 inString WARNING buffer empty
2018-12-22 08:37:19,076 inString WARNING buffer empty
2018-12-22 08:37:19,190 inString WARNING buffer empty
2018-12-22 08:37:19,304 inString WARNING buffer empty
2018-12-22 08:37:19,423 inString WARNING buffer empty
2018-12-22 08:37:19,536 inString WARNING buffer empty
2018-12-22 08:37:19,648 inString WARNING buffer empty
2018-12-22 08:37:19,761 inString WARNING buffer empty
2018-12-22 08:37:19,876 inString WARNING buffer empty
2018-12-22 08:37:19,991 inString WARNING buffer empty
2018-12-22 08:37:20,107 inString WARNING buffer empty
2018-12-22 08:37:20,221 inString WARNING buffer empty
2018-12-22 08:37:20,337 inString WARNING buffer empty
2018-12-22 08:37:20,454 inString WARNING buffer empty
2018-12-22 08:37:20,571 inString WARNING buffer empty
2018-12-22 08:37:20,685 inString WARNING buffer empty
2018-12-22 08:37:20,802 inString WARNING buffer empty
2018-12-22 08:37:20,917 inString WARNING buffer empty
2018-12-22 08:37:21,030 inString WARNING buffer empty
2018-12-22 08:37:21,144 inString WARNING buffer empty
2018-12-22 08:37:21,259 inString WARNING buffer empty
2018-12-22 08:37:21,375 inString WARNING buffer empty
2018-12-22 08:37:21,494 inString WARNING buffer empty
2018-12-22 08:37:21,607 inString WARNING buffer empty
2018-12-22 08:37:21,724 inString WARNING buffer empty
2018-12-22 08:37:21,839 inString WARNING buffer empty
2018-12-22 08:37:21,955 inString WARNING buffer empty
2018-12-22 08:37:22,069 inString WARNING buffer empty
2018-12-22 08:37:22,186 inString WARNING buffer empty
2018-12-22 08:37:22,300 inString WARNING buffer empty
2018-12-22 08:37:22,418 inString WARNING buffer empty
2018-12-22 08:37:22,532 inString WARNING buffer empty
2018-12-22 08:37:22,650 inString WARNING buffer empty
2018-12-22 08:37:22,764 inString WARNING buffer empty
2018-12-22 08:37:22,878 inString WARNING buffer empty
2018-12-22 08:37:22,990 inString WARNING buffer empty
2018-12-22 08:37:23,104 inString WARNING buffer empty
2018-12-22 08:37:23,220 inString WARNING buffer empty
2018-12-22 08:37:23,333 inString WARNING buffer empty
2018-12-22 08:37:23,450 inString WARNING buffer empty
2018-12-22 08:37:23,564 inString WARNING buffer empty
2018-12-22 08:37:23,680 inString WARNING buffer empty
2018-12-22 08:37:23,794 inString WARNING buffer empty
2018-12-22 08:37:23,906 inString WARNING buffer empty
2018-12-22 08:37:24,019 inString WARNING buffer empty
2018-12-22 08:37:24,136 inString WARNING buffer empty
2018-12-22 08:37:24,255 inString WARNING buffer empty
2018-12-22 08:37:24,370 inString WARNING buffer empty
2018-12-22 08:37:24,489 inString WARNING buffer empty
2018-12-22 08:37:24,606 inString WARNING buffer empty
2018-12-22 08:37:24,722 inString WARNING buffer empty
2018-12-22 08:37:24,833 inString WARNING buffer empty
2018-12-22 08:37:24,947 inString WARNING buffer empty
2018-12-22 08:37:25,060 inString WARNING buffer empty
2018-12-22 08:37:25,174 inString WARNING buffer empty
2018-12-22 08:37:25,287 inString WARNING buffer empty
2018-12-22 08:37:25,403 inString WARNING buffer empty
2018-12-22 08:37:25,518 inString WARNING buffer empty
2018-12-22 08:37:25,631 inString WARNING buffer empty
2018-12-22 08:37:25,745 inString WARNING buffer empty
2018-12-22 08:37:25,861 inString WARNING buffer empty
2018-12-22 08:37:25,977 inString WARNING buffer empty
2018-12-22 08:37:26,094 inString WARNING buffer empty
2018-12-22 08:37:26,209 inString WARNING buffer empty
2018-12-22 08:37:26,326 inString WARNING buffer empty
2018-12-22 08:37:26,447 inString WARNING buffer empty
2018-12-22 08:37:26,564 inString WARNING buffer empty
2018-12-22 08:37:26,678 inString WARNING buffer empty
2018-12-22 08:37:26,792 inString WARNING buffer empty
2018-12-22 08:37:26,906 inString WARNING buffer empty
2018-12-22 08:37:27,019 inString WARNING buffer empty
2018-12-22 08:37:27,134 inString WARNING buffer empty
2018-12-22 08:37:27,250 inString WARNING buffer empty
2018-12-22 08:37:27,367 inString WARNING buffer empty
2018-12-22 08:37:27,483 inString WARNING buffer empty
2018-12-22 08:37:27,598 inString WARNING buffer empty
2018-12-22 08:37:27,715 inString WARNING buffer empty
2018-12-22 08:37:27,828 inString WARNING buffer empty
2018-12-22 08:37:27,943 inString WARNING buffer empty
2018-12-22 08:37:28,055 inString WARNING buffer empty
2018-12-22 08:37:28,169 inString WARNING buffer empty
2018-12-22 08:37:28,282 inString WARNING buffer empty
2018-12-22 08:37:28,399 inString WARNING buffer empty
2018-12-22 08:37:28,515 inString WARNING buffer empty
2018-12-22 08:37:28,633 inString WARNING buffer empty
2018-12-22 08:37:28,751 inString WARNING buffer empty
2018-12-22 08:37:28,866 inString WARNING buffer empty
2018-12-22 08:37:28,982 inString WARNING buffer empty
2018-12-22 08:37:29,096 inString WARNING buffer empty
2018-12-22 08:37:29,214 inString WARNING buffer empty
2018-12-22 08:37:29,330 inString WARNING buffer empty
2018-12-22 08:37:29,446 inString WARNING buffer empty
2018-12-22 08:37:29,561 inString WARNING buffer empty
2018-12-22 08:37:29,673 inString WARNING buffer empty
2018-12-22 08:37:29,787 inString WARNING buffer empty
2018-12-22 08:37:29,903 inString WARNING buffer empty
2018-12-22 08:37:30,019 inString WARNING buffer empty
2018-12-22 08:37:30,132 inString WARNING buffer empty
2018-12-22 08:37:30,247 inString WARNING buffer empty
2018-12-22 08:37:30,363 inString WARNING buffer empty
2018-12-22 08:37:30,481 inString WARNING buffer empty
2018-12-22 08:37:30,602 inString WARNING buffer empty
2018-12-22 08:37:30,719 inString WARNING buffer empty
2018-12-22 08:37:30,835 inString WARNING buffer empty
2018-12-22 08:37:30,949 inString WARNING buffer empty
2018-12-22 08:37:31,064 inString WARNING buffer empty
2018-12-22 08:37:31,179 inString WARNING buffer empty
2018-12-22 08:37:31,295 inString WARNING buffer empty
2018-12-22 08:37:31,410 inString WARNING buffer empty
2018-12-22 08:37:31,529 inString WARNING buffer empty
2018-12-22 08:37:31,644 inString WARNING buffer empty
2018-12-22 08:37:31,761 inString WARNING buffer empty
2018-12-22 08:37:31,875 inString WARNING buffer empty
2018-12-22 08:37:31,989 inString WARNING buffer empty
2018-12-22 08:37:32,107 inString WARNING buffer empty
2018-12-22 08:37:32,222 inString WARNING buffer empty
2018-12-22 08:37:32,335 inString WARNING buffer empty
2018-12-22 08:37:32,453 inString WARNING buffer empty
2018-12-22 08:37:32,570 inString WARNING buffer empty
2018-12-22 08:37:32,687 inString WARNING buffer empty
2018-12-22 08:37:32,800 inString WARNING buffer empty
2018-12-22 08:37:32,915 inString WARNING buffer empty
2018-12-22 08:37:33,030 inString WARNING buffer empty
2018-12-22 08:37:33,144 inString WARNING buffer empty
2018-12-22 08:37:33,260 inString WARNING buffer empty
2018-12-22 08:37:33,378 inString WARNING buffer empty
2018-12-22 08:37:33,496 inString WARNING buffer empty
2018-12-22 08:37:33,609 inString WARNING buffer empty
2018-12-22 08:37:33,724 inString WARNING buffer empty
2018-12-22 08:37:33,841 inString WARNING buffer empty
2018-12-22 08:37:33,956 inString WARNING buffer empty
2018-12-22 08:37:34,069 inString WARNING buffer empty
2018-12-22 08:37:34,183 inString WARNING buffer empty
2018-12-22 08:37:34,297 inString WARNING buffer empty
2018-12-22 08:37:34,418 inString WARNING buffer empty
2018-12-22 08:37:34,534 inString WARNING buffer empty
2018-12-22 08:37:34,649 inString WARNING buffer empty
2018-12-22 08:37:34,764 inString WARNING buffer empty
2018-12-22 08:37:34,880 inString WARNING buffer empty
2018-12-22 08:37:34,995 inString WARNING buffer empty
2018-12-22 08:37:35,108 inString WARNING buffer empty
2018-12-22 08:37:35,224 inString WARNING buffer empty
2018-12-22 08:37:35,341 inString WARNING buffer empty
2018-12-22 08:37:35,463 inString WARNING buffer empty
2018-12-22 08:37:35,577 inString WARNING buffer empty
2018-12-22 08:37:35,693 inString WARNING buffer empty
2018-12-22 08:37:35,806 inString WARNING buffer empty
2018-12-22 08:37:35,922 inString WARNING buffer empty
2018-12-22 08:37:36,036 inString WARNING buffer empty
2018-12-22 08:37:36,150 inString WARNING buffer empty
2018-12-22 08:37:36,263 inString WARNING buffer empty
2018-12-22 08:37:36,381 inString WARNING buffer empty
2018-12-22 08:37:36,500 inString WARNING buffer empty
2018-12-22 08:37:36,617 inString WARNING buffer empty
2018-12-22 08:37:36,732 inString WARNING buffer empty
2018-12-22 08:37:36,846 inString WARNING buffer empty
2018-12-22 08:37:36,962 inString WARNING buffer empty
2018-12-22 08:37:37,075 inString WARNING buffer empty
2018-12-22 08:37:37,189 inString WARNING buffer empty
2018-12-22 08:37:37,306 inString WARNING buffer empty
2018-12-22 08:37:37,425 inString WARNING buffer empty
2018-12-22 08:37:37,540 inString WARNING buffer empty
2018-12-22 08:37:37,655 inString WARNING buffer empty
2018-12-22 08:37:37,773 inString WARNING buffer empty
2018-12-22 08:37:37,891 inString WARNING buffer empty
2018-12-22 08:37:38,007 inString WARNING buffer empty
2018-12-22 08:37:38,122 inString WARNING buffer empty
2018-12-22 08:37:38,235 inString WARNING buffer empty
2018-12-22 08:37:38,350 inString WARNING buffer empty
2018-12-22 08:37:38,467 inString WARNING buffer empty
2018-12-22 08:37:38,585 inString WARNING buffer empty
2018-12-22 08:37:38,700 inString WARNING buffer empty
2018-12-22 08:37:38,816 inString WARNING buffer empty
2018-12-22 08:37:38,932 inString WARNING buffer empty
2018-12-22 08:37:39,048 inString WARNING buffer empty
2018-12-22 08:37:39,162 inString WARNING buffer empty
2018-12-22 08:37:39,278 inString WARNING buffer empty
2018-12-22 08:37:39,394 inString WARNING buffer empty
2018-12-22 08:37:39,510 inString WARNING buffer empty
2018-12-22 08:37:39,624 inString WARNING buffer empty
2018-12-22 08:37:39,739 inString WARNING buffer empty
2018-12-22 08:37:39,853 inString WARNING buffer empty
2018-12-22 08:37:39,969 inString WARNING buffer empty
2018-12-22 08:37:40,082 inString WARNING buffer empty
2018-12-22 08:37:40,197 inString WARNING buffer empty
2018-12-22 08:37:40,309 inString WARNING buffer empty
2018-12-22 08:37:40,425 inString WARNING buffer empty
2018-12-22 08:37:40,540 inString WARNING buffer empty
2018-12-22 08:37:40,654 inString WARNING buffer empty
2018-12-22 08:37:40,768 inString WARNING buffer empty
2018-12-22 08:37:40,887 inString WARNING buffer empty
2018-12-22 08:37:41,003 inString WARNING buffer empty
2018-12-22 08:37:41,119 inString WARNING buffer empty
2018-12-22 08:37:41,234 inString WARNING buffer empty
2018-12-22 08:37:41,352 inString WARNING buffer empty
2018-12-22 08:37:41,474 inString WARNING buffer empty
2018-12-22 08:37:41,587 inString WARNING buffer empty
2018-12-22 08:37:41,705 inString WARNING buffer empty
2018-12-22 08:37:41,819 inString WARNING buffer empty
2018-12-22 08:37:41,934 inString WARNING buffer empty
2018-12-22 08:37:42,048 inString WARNING buffer empty
2018-12-22 08:37:42,165 inString WARNING buffer empty
2018-12-22 08:37:42,279 inString WARNING buffer empty
2018-12-22 08:37:42,395 inString WARNING buffer empty
2018-12-22 08:37:42,512 inString WARNING buffer empty
2018-12-22 08:37:42,626 inString WARNING buffer empty
2018-12-22 08:37:42,738 inString WARNING buffer empty
2018-12-22 08:37:42,853 inString WARNING buffer empty
2018-12-22 08:37:42,967 inString WARNING buffer empty
2018-12-22 08:37:43,083 inString WARNING buffer empty
2018-12-22 08:37:43,198 inString WARNING buffer empty
2018-12-22 08:37:43,317 inString WARNING buffer empty
2018-12-22 08:37:43,437 inString WARNING buffer empty
2018-12-22 08:37:43,553 inString WARNING buffer empty
2018-12-22 08:37:43,667 inString WARNING buffer empty
2018-12-22 08:37:43,780 inString WARNING buffer empty
2018-12-22 08:37:43,896 inString WARNING buffer empty
2018-12-22 08:37:44,012 inString WARNING buffer empty
2018-12-22 08:37:44,126 inString WARNING buffer empty
2018-12-22 08:37:44,238 inString WARNING buffer empty
2018-12-22 08:37:44,354 inString WARNING buffer empty
2018-12-22 08:37:44,472 inString WARNING buffer empty
2018-12-22 08:37:44,586 inString WARNING buffer empty
2018-12-22 08:37:44,702 inString WARNING buffer empty
2018-12-22 08:37:44,816 inString WARNING buffer empty
2018-12-22 08:37:44,931 inString WARNING buffer empty
2018-12-22 08:37:45,048 inString WARNING buffer empty
2018-12-22 08:37:45,163 inString WARNING buffer empty
2018-12-22 08:37:45,276 inString WARNING buffer empty
2018-12-22 08:37:45,393 inString WARNING buffer empty
2018-12-22 08:37:45,511 inString WARNING buffer empty
2018-12-22 08:37:45,625 inString WARNING buffer empty
2018-12-22 08:37:45,738 inString WARNING buffer empty
2018-12-22 08:37:45,860 inString WARNING buffer empty
2018-12-22 08:37:45,978 inString WARNING buffer empty
2018-12-22 08:37:46,095 inString WARNING buffer empty
2018-12-22 08:37:46,212 inString WARNING buffer empty
2018-12-22 08:37:46,328 inString WARNING buffer empty
2018-12-22 08:37:46,448 inString WARNING buffer empty
2018-12-22 08:37:46,563 inString WARNING buffer empty
2018-12-22 08:37:46,677 inString WARNING buffer empty
2018-12-22 08:37:46,791 inString WARNING buffer empty
2018-12-22 08:37:46,905 inString WARNING buffer empty
2018-12-22 08:37:47,021 inString WARNING buffer empty
2018-12-22 08:37:47,136 inString WARNING buffer empty
2018-12-22 08:37:47,249 inString WARNING buffer empty
2018-12-22 08:37:47,360 inString WARNING buffer empty
2018-12-22 08:37:47,467 inString WARNING buffer empty
2018-12-22 08:37:47,569 inString WARNING buffer empty
2018-12-22 08:39:19,224 ec_worker ERROR State of the RTC is not ACTIVE_STATE.
2018-12-22 08:39:19,240 ec_worker WARNING ExecutionContext is already stopped.
2018-12-22 08:39:19,240 ec_base ERROR Invoking on_shutdown() for each RTC failed.
