2018-12-22 08:42:55,290 manager INFO 1.1.0
2018-12-22 08:42:55,291 manager INFO Copyright (C) 2003-2010
2018-12-22 08:42:55,291 manager INFO   Noriaki Ando
2018-12-22 08:42:55,291 manager INFO   Intelligent Systems Research Institute, AIST
2018-12-22 08:42:55,291 manager INFO Manager starting.
2018-12-22 08:42:55,291 manager INFO Starting local logging.
2018-12-22 08:42:55,294 manager.namingmanager INFO NameServer connection succeeded: corba/localhost
2018-12-22 08:42:55,296 ManagerServant INFO Master manager not found
2018-12-22 08:42:55,296 LocalServiceAdmin INFO All the local services are enabled.
2018-12-22 08:42:55,298 manager INFO Component type conf file: Deep_LearningRTC.conf loaded.
2018-12-22 08:42:55,299 ec_base INFO setRate(1000000.000000) done
2018-12-22 08:42:55,299 ec_base INFO setRate(1000.000000) done
2018-12-22 08:42:55,300 rtobject INFO 1 execution context was created.
2018-12-22 08:42:55,303 rtobject INFO Initial active configuration set is default.
2018-12-22 08:43:08,380 SdoServiceAdmin WARNING No available SDO service in the factory: 
2018-12-22 08:43:08,380 SdoServiceAdmin ERROR type  already exists.
2018-12-22 08:43:08,383 SdoServiceAdmin WARNING No available SDO service in the factory: IDL:OpenRTM/ComponentObserver:1.0
2018-12-22 08:43:08,383 SdoServiceAdmin ERROR type bc1a3ee9-6f07-49d0-91e2-0689edf0137b already exists.
2018-12-22 08:43:27,243 ec_base WARNING The component is not responding.
2018-12-22 08:43:27,244 ec_base ERROR Unknown error: Invalid state transition.
2018-12-22 08:43:27,776 inString WARNING buffer empty
2018-12-22 08:43:27,897 inString WARNING buffer empty
2018-12-22 08:43:28,012 inString WARNING buffer empty
2018-12-22 08:43:28,154 inString WARNING buffer empty
2018-12-22 08:43:28,271 inString WARNING buffer empty
2018-12-22 08:43:28,387 inString WARNING buffer empty
2018-12-22 08:43:28,504 inString WARNING buffer empty
2018-12-22 08:43:28,623 inString WARNING buffer empty
2018-12-22 08:43:28,742 inString WARNING buffer empty
2018-12-22 08:43:28,857 inString WARNING buffer empty
2018-12-22 08:43:28,976 inString WARNING buffer empty
2018-12-22 08:43:29,096 inString WARNING buffer empty
2018-12-22 08:43:29,218 inString WARNING buffer empty
2018-12-22 08:43:29,342 inString WARNING buffer empty
2018-12-22 08:43:29,466 inString WARNING buffer empty
2018-12-22 08:43:29,586 inString WARNING buffer empty
2018-12-22 08:43:29,710 inString WARNING buffer empty
2018-12-22 08:43:29,833 inString WARNING buffer empty
2018-12-22 08:43:29,957 inString WARNING buffer empty
2018-12-22 08:43:30,078 inString WARNING buffer empty
2018-12-22 08:43:30,202 inString WARNING buffer empty
2018-12-22 08:43:30,326 inString WARNING buffer empty
2018-12-22 08:43:30,450 inString WARNING buffer empty
2018-12-22 08:43:30,570 inString WARNING buffer empty
2018-12-22 08:43:30,695 inString WARNING buffer empty
2018-12-22 08:43:30,817 inString WARNING buffer empty
2018-12-22 08:43:30,943 inString WARNING buffer empty
2018-12-22 08:43:31,063 inString WARNING buffer empty
2018-12-22 08:43:31,186 inString WARNING buffer empty
2018-12-22 08:43:31,310 inString WARNING buffer empty
2018-12-22 08:43:31,434 inString WARNING buffer empty
2018-12-22 08:43:31,555 inString WARNING buffer empty
2018-12-22 08:43:31,677 inString WARNING buffer empty
2018-12-22 08:43:31,802 inString WARNING buffer empty
2018-12-22 08:43:31,926 inString WARNING buffer empty
2018-12-22 08:43:32,047 inString WARNING buffer empty
2018-12-22 08:43:32,170 inString WARNING buffer empty
2018-12-22 08:43:32,295 inString WARNING buffer empty
2018-12-22 08:43:32,411 inString WARNING buffer empty
2018-12-22 08:43:32,529 inString WARNING buffer empty
2018-12-22 08:43:32,646 inString WARNING buffer empty
2018-12-22 08:43:32,766 inString WARNING buffer empty
2018-12-22 08:43:32,883 inString WARNING buffer empty
2018-12-22 08:43:32,998 inString WARNING buffer empty
2018-12-22 08:43:33,113 inString WARNING buffer empty
2018-12-22 08:43:33,230 inString WARNING buffer empty
2018-12-22 08:43:33,344 inString WARNING buffer empty
2018-12-22 08:43:33,460 inString WARNING buffer empty
2018-12-22 08:43:33,584 inString WARNING buffer empty
2018-12-22 08:43:33,703 inString WARNING buffer empty
2018-12-22 08:43:33,819 inString WARNING buffer empty
2018-12-22 08:43:33,938 inString WARNING buffer empty
2018-12-22 08:43:34,056 inString WARNING buffer empty
2018-12-22 08:43:34,173 inString WARNING buffer empty
2018-12-22 08:43:34,287 inString WARNING buffer empty
2018-12-22 08:43:34,410 inString WARNING buffer empty
2018-12-22 08:43:34,535 inString WARNING buffer empty
2018-12-22 08:43:34,658 inString WARNING buffer empty
2018-12-22 08:43:34,778 inString WARNING buffer empty
2018-12-22 08:43:34,902 inString WARNING buffer empty
2018-12-22 08:43:35,025 inString WARNING buffer empty
2018-12-22 08:43:35,150 inString WARNING buffer empty
2018-12-22 08:43:35,270 inString WARNING buffer empty
2018-12-22 08:43:35,395 inString WARNING buffer empty
2018-12-22 08:43:35,518 inString WARNING buffer empty
2018-12-22 08:43:35,642 inString WARNING buffer empty
2018-12-22 08:43:35,762 inString WARNING buffer empty
2018-12-22 08:43:35,886 inString WARNING buffer empty
2018-12-22 08:43:36,010 inString WARNING buffer empty
2018-12-22 08:43:36,134 inString WARNING buffer empty
2018-12-22 08:43:36,254 inString WARNING buffer empty
2018-12-22 08:43:36,378 inString WARNING buffer empty
2018-12-22 08:43:36,503 inString WARNING buffer empty
2018-12-22 08:43:36,622 inString WARNING buffer empty
2018-12-22 08:43:36,746 inString WARNING buffer empty
2018-12-22 08:43:36,871 inString WARNING buffer empty
2018-12-22 08:43:36,994 inString WARNING buffer empty
2018-12-22 08:43:37,114 inString WARNING buffer empty
2018-12-22 08:43:37,238 inString WARNING buffer empty
2018-12-22 08:43:37,362 inString WARNING buffer empty
2018-12-22 08:43:37,487 inString WARNING buffer empty
2018-12-22 08:43:37,607 inString WARNING buffer empty
2018-12-22 08:43:37,729 inString WARNING buffer empty
2018-12-22 08:43:37,853 inString WARNING buffer empty
2018-12-22 08:43:37,979 inString WARNING buffer empty
2018-12-22 08:43:38,098 inString WARNING buffer empty
2018-12-22 08:43:38,223 inString WARNING buffer empty
2018-12-22 08:43:38,347 inString WARNING buffer empty
2018-12-22 08:43:38,471 inString WARNING buffer empty
2018-12-22 08:43:38,592 inString WARNING buffer empty
2018-12-22 08:43:38,714 inString WARNING buffer empty
2018-12-22 08:43:38,838 inString WARNING buffer empty
2018-12-22 08:43:38,962 inString WARNING buffer empty
2018-12-22 08:43:39,083 inString WARNING buffer empty
2018-12-22 08:43:39,206 inString WARNING buffer empty
2018-12-22 08:43:39,331 inString WARNING buffer empty
2018-12-22 08:43:39,455 inString WARNING buffer empty
2018-12-22 08:43:39,574 inString WARNING buffer empty
2018-12-22 08:43:39,700 inString WARNING buffer empty
2018-12-22 08:43:39,823 inString WARNING buffer empty
2018-12-22 08:43:39,946 inString WARNING buffer empty
2018-12-22 08:43:40,067 inString WARNING buffer empty
2018-12-22 08:43:40,191 inString WARNING buffer empty
2018-12-22 08:43:40,314 inString WARNING buffer empty
2018-12-22 08:43:40,438 inString WARNING buffer empty
2018-12-22 08:43:40,558 inString WARNING buffer empty
2018-12-22 08:43:40,674 inString WARNING buffer empty
2018-12-22 08:43:40,791 inString WARNING buffer empty
2018-12-22 08:43:40,906 inString WARNING buffer empty
2018-12-22 08:43:41,027 inString WARNING buffer empty
2018-12-22 08:43:41,144 inString WARNING buffer empty
2018-12-22 08:43:41,266 inString WARNING buffer empty
2018-12-22 08:43:41,382 inString WARNING buffer empty
2018-12-22 08:43:41,500 inString WARNING buffer empty
2018-12-22 08:43:41,620 inString WARNING buffer empty
2018-12-22 08:43:41,738 inString WARNING buffer empty
2018-12-22 08:43:41,855 inString WARNING buffer empty
2018-12-22 08:43:41,973 inString WARNING buffer empty
2018-12-22 08:43:42,090 inString WARNING buffer empty
2018-12-22 08:43:42,207 inString WARNING buffer empty
2018-12-22 08:43:42,321 inString WARNING buffer empty
2018-12-22 08:43:42,443 inString WARNING buffer empty
2018-12-22 08:43:42,566 inString WARNING buffer empty
2018-12-22 08:43:42,690 inString WARNING buffer empty
2018-12-22 08:43:42,811 inString WARNING buffer empty
2018-12-22 08:43:42,934 inString WARNING buffer empty
2018-12-22 08:43:43,059 inString WARNING buffer empty
2018-12-22 08:43:43,182 inString WARNING buffer empty
2018-12-22 08:43:43,303 inString WARNING buffer empty
2018-12-22 08:43:43,427 inString WARNING buffer empty
2018-12-22 08:43:43,551 inString WARNING buffer empty
2018-12-22 08:43:43,671 inString WARNING buffer empty
2018-12-22 08:43:43,795 inString WARNING buffer empty
2018-12-22 08:43:43,918 inString WARNING buffer empty
2018-12-22 08:43:44,044 inString WARNING buffer empty
2018-12-22 08:43:44,164 inString WARNING buffer empty
2018-12-22 08:43:44,288 inString WARNING buffer empty
2018-12-22 08:43:44,412 inString WARNING buffer empty
2018-12-22 08:43:44,534 inString WARNING buffer empty
2018-12-22 08:43:44,655 inString WARNING buffer empty
2018-12-22 08:43:44,778 inString WARNING buffer empty
2018-12-22 08:43:44,902 inString WARNING buffer empty
2018-12-22 08:43:45,026 inString WARNING buffer empty
2018-12-22 08:43:45,146 inString WARNING buffer empty
2018-12-22 08:43:45,270 inString WARNING buffer empty
2018-12-22 08:43:45,394 inString WARNING buffer empty
2018-12-22 08:43:45,519 inString WARNING buffer empty
2018-12-22 08:43:45,639 inString WARNING buffer empty
2018-12-22 08:43:45,762 inString WARNING buffer empty
2018-12-22 08:43:45,885 inString WARNING buffer empty
2018-12-22 08:43:46,009 inString WARNING buffer empty
2018-12-22 08:43:46,130 inString WARNING buffer empty
2018-12-22 08:43:46,254 inString WARNING buffer empty
2018-12-22 08:43:46,378 inString WARNING buffer empty
2018-12-22 08:43:46,503 inString WARNING buffer empty
2018-12-22 08:43:46,626 inString WARNING buffer empty
2018-12-22 08:43:46,746 inString WARNING buffer empty
2018-12-22 08:43:46,870 inString WARNING buffer empty
2018-12-22 08:43:46,994 inString WARNING buffer empty
2018-12-22 08:43:47,114 inString WARNING buffer empty
2018-12-22 08:43:47,239 inString WARNING buffer empty
2018-12-22 08:43:47,362 inString WARNING buffer empty
2018-12-22 08:43:47,486 inString WARNING buffer empty
2018-12-22 08:43:47,606 inString WARNING buffer empty
2018-12-22 08:43:47,730 inString WARNING buffer empty
2018-12-22 08:43:47,853 inString WARNING buffer empty
2018-12-22 08:43:47,978 inString WARNING buffer empty
2018-12-22 08:43:48,097 inString WARNING buffer empty
2018-12-22 08:43:48,216 inString WARNING buffer empty
2018-12-22 08:43:48,332 inString WARNING buffer empty
2018-12-22 08:43:48,449 inString WARNING buffer empty
2018-12-22 08:43:48,567 inString WARNING buffer empty
2018-12-22 08:43:48,683 inString WARNING buffer empty
2018-12-22 08:43:48,803 inString WARNING buffer empty
2018-12-22 08:43:48,922 inString WARNING buffer empty
2018-12-22 08:43:49,041 inString WARNING buffer empty
2018-12-22 08:43:49,157 inString WARNING buffer empty
2018-12-22 08:43:49,271 inString WARNING buffer empty
2018-12-22 08:43:49,384 inString WARNING buffer empty
2018-12-22 08:43:49,501 inString WARNING buffer empty
2018-12-22 08:43:49,616 inString WARNING buffer empty
2018-12-22 08:43:49,736 inString WARNING buffer empty
2018-12-22 08:43:49,855 inString WARNING buffer empty
2018-12-22 08:43:49,974 inString WARNING buffer empty
2018-12-22 08:43:50,089 inString WARNING buffer empty
2018-12-22 08:43:50,208 inString WARNING buffer empty
2018-12-22 08:43:50,323 inString WARNING buffer empty
2018-12-22 08:43:50,440 inString WARNING buffer empty
2018-12-22 08:43:50,561 inString WARNING buffer empty
2018-12-22 08:43:50,680 inString WARNING buffer empty
2018-12-22 08:43:50,798 inString WARNING buffer empty
2018-12-22 08:43:50,914 inString WARNING buffer empty
2018-12-22 08:43:51,029 inString WARNING buffer empty
2018-12-22 08:43:51,149 inString WARNING buffer empty
2018-12-22 08:43:51,266 inString WARNING buffer empty
2018-12-22 08:43:51,385 inString WARNING buffer empty
2018-12-22 08:43:51,502 inString WARNING buffer empty
2018-12-22 08:43:51,623 inString WARNING buffer empty
2018-12-22 08:43:51,737 inString WARNING buffer empty
2018-12-22 08:43:51,852 inString WARNING buffer empty
2018-12-22 08:43:51,969 inString WARNING buffer empty
2018-12-22 08:43:52,084 inString WARNING buffer empty
2018-12-22 08:43:52,199 inString WARNING buffer empty
2018-12-22 08:43:52,315 inString WARNING buffer empty
2018-12-22 08:43:52,431 inString WARNING buffer empty
2018-12-22 08:43:52,548 inString WARNING buffer empty
2018-12-22 08:43:52,666 inString WARNING buffer empty
2018-12-22 08:43:52,784 inString WARNING buffer empty
2018-12-22 08:43:52,900 inString WARNING buffer empty
2018-12-22 08:43:53,016 inString WARNING buffer empty
2018-12-22 08:43:53,136 inString WARNING buffer empty
2018-12-22 08:43:53,251 inString WARNING buffer empty
2018-12-22 08:43:53,365 inString WARNING buffer empty
2018-12-22 08:43:53,480 inString WARNING buffer empty
2018-12-22 08:43:53,598 inString WARNING buffer empty
2018-12-22 08:43:53,717 inString WARNING buffer empty
2018-12-22 08:43:53,838 inString WARNING buffer empty
2018-12-22 08:43:53,954 inString WARNING buffer empty
2018-12-22 08:43:54,068 inString WARNING buffer empty
2018-12-22 08:43:54,182 inString WARNING buffer empty
2018-12-22 08:43:54,298 inString WARNING buffer empty
2018-12-22 08:43:54,413 inString WARNING buffer empty
2018-12-22 08:43:54,532 inString WARNING buffer empty
2018-12-22 08:43:54,649 inString WARNING buffer empty
2018-12-22 08:43:54,768 inString WARNING buffer empty
2018-12-22 08:43:54,886 inString WARNING buffer empty
2018-12-22 08:43:55,008 inString WARNING buffer empty
2018-12-22 08:43:55,123 inString WARNING buffer empty
2018-12-22 08:43:55,246 inString WARNING buffer empty
2018-12-22 08:43:55,363 inString WARNING buffer empty
2018-12-22 08:43:55,483 inString WARNING buffer empty
2018-12-22 08:43:55,598 inString WARNING buffer empty
2018-12-22 08:43:55,714 inString WARNING buffer empty
2018-12-22 08:43:55,830 inString WARNING buffer empty
2018-12-22 08:43:55,949 inString WARNING buffer empty
2018-12-22 08:43:56,064 inString WARNING buffer empty
2018-12-22 08:43:56,180 inString WARNING buffer empty
2018-12-22 08:43:56,296 inString WARNING buffer empty
2018-12-22 08:43:56,413 inString WARNING buffer empty
2018-12-22 08:43:56,529 inString WARNING buffer empty
2018-12-22 08:43:56,645 inString WARNING buffer empty
2018-12-22 08:43:56,760 inString WARNING buffer empty
2018-12-22 08:43:56,876 inString WARNING buffer empty
2018-12-22 08:43:56,991 inString WARNING buffer empty
2018-12-22 08:43:57,106 inString WARNING buffer empty
2018-12-22 08:43:57,222 inString WARNING buffer empty
2018-12-22 08:43:57,337 inString WARNING buffer empty
2018-12-22 08:43:57,452 inString WARNING buffer empty
2018-12-22 08:43:57,572 inString WARNING buffer empty
2018-12-22 08:43:57,686 inString WARNING buffer empty
2018-12-22 08:43:57,800 inString WARNING buffer empty
2018-12-22 08:43:57,917 inString WARNING buffer empty
2018-12-22 08:43:58,033 inString WARNING buffer empty
2018-12-22 08:43:58,149 inString WARNING buffer empty
2018-12-22 08:43:58,265 inString WARNING buffer empty
2018-12-22 08:43:58,381 inString WARNING buffer empty
2018-12-22 08:43:58,498 inString WARNING buffer empty
2018-12-22 08:43:58,621 inString WARNING buffer empty
2018-12-22 08:43:58,743 inString WARNING buffer empty
2018-12-22 08:43:58,866 inString WARNING buffer empty
2018-12-22 08:43:58,982 inString WARNING buffer empty
2018-12-22 08:43:59,102 inString WARNING buffer empty
2018-12-22 08:43:59,218 inString WARNING buffer empty
2018-12-22 08:43:59,335 inString WARNING buffer empty
2018-12-22 08:43:59,451 inString WARNING buffer empty
2018-12-22 08:43:59,571 inString WARNING buffer empty
2018-12-22 08:43:59,686 inString WARNING buffer empty
2018-12-22 08:43:59,801 inString WARNING buffer empty
2018-12-22 08:43:59,916 inString WARNING buffer empty
2018-12-22 08:44:00,031 inString WARNING buffer empty
2018-12-22 08:44:00,147 inString WARNING buffer empty
2018-12-22 08:44:00,263 inString WARNING buffer empty
2018-12-22 08:44:00,379 inString WARNING buffer empty
2018-12-22 08:44:00,494 inString WARNING buffer empty
2018-12-22 08:44:00,615 inString WARNING buffer empty
2018-12-22 08:44:00,732 inString WARNING buffer empty
2018-12-22 08:44:00,848 inString WARNING buffer empty
2018-12-22 08:44:00,963 inString WARNING buffer empty
2018-12-22 08:44:01,079 inString WARNING buffer empty
2018-12-22 08:44:01,194 inString WARNING buffer empty
2018-12-22 08:44:01,308 inString WARNING buffer empty
2018-12-22 08:44:01,423 inString WARNING buffer empty
2018-12-22 08:44:01,539 inString WARNING buffer empty
2018-12-22 08:44:01,657 inString WARNING buffer empty
2018-12-22 08:44:01,777 inString WARNING buffer empty
2018-12-22 08:44:01,894 inString WARNING buffer empty
2018-12-22 08:44:02,009 inString WARNING buffer empty
2018-12-22 08:44:02,125 inString WARNING buffer empty
2018-12-22 08:44:02,243 inString WARNING buffer empty
2018-12-22 08:44:02,357 inString WARNING buffer empty
2018-12-22 08:44:02,472 inString WARNING buffer empty
2018-12-22 08:44:02,587 inString WARNING buffer empty
2018-12-22 08:44:02,702 inString WARNING buffer empty
2018-12-22 08:44:02,821 inString WARNING buffer empty
2018-12-22 08:44:02,941 inString WARNING buffer empty
2018-12-22 08:44:03,058 inString WARNING buffer empty
2018-12-22 08:44:03,174 inString WARNING buffer empty
2018-12-22 08:44:03,291 inString WARNING buffer empty
2018-12-22 08:44:03,405 inString WARNING buffer empty
2018-12-22 08:44:03,520 inString WARNING buffer empty
2018-12-22 08:44:03,638 inString WARNING buffer empty
2018-12-22 08:44:03,753 inString WARNING buffer empty
2018-12-22 08:44:03,870 inString WARNING buffer empty
2018-12-22 08:44:03,986 inString WARNING buffer empty
2018-12-22 08:44:04,101 inString WARNING buffer empty
2018-12-22 08:44:04,217 inString WARNING buffer empty
2018-12-22 08:44:04,332 inString WARNING buffer empty
2018-12-22 08:44:04,453 inString WARNING buffer empty
2018-12-22 08:44:04,576 inString WARNING buffer empty
2018-12-22 08:44:04,690 inString WARNING buffer empty
2018-12-22 08:44:04,809 inString WARNING buffer empty
2018-12-22 08:44:04,926 inString WARNING buffer empty
2018-12-22 08:44:05,040 inString WARNING buffer empty
2018-12-22 08:44:05,154 inString WARNING buffer empty
2018-12-22 08:44:05,270 inString WARNING buffer empty
2018-12-22 08:44:05,386 inString WARNING buffer empty
2018-12-22 08:44:05,499 inString WARNING buffer empty
2018-12-22 08:44:05,618 inString WARNING buffer empty
2018-12-22 08:44:05,736 inString WARNING buffer empty
2018-12-22 08:44:05,850 inString WARNING buffer empty
2018-12-22 08:44:05,958 inString WARNING buffer empty
2018-12-22 08:44:06,066 inString WARNING buffer empty
2018-12-22 08:44:06,170 inString WARNING buffer empty
2018-12-22 08:49:19,044 ec_worker ERROR State of the RTC is not ACTIVE_STATE.
2018-12-22 08:49:19,062 ec_worker WARNING ExecutionContext is already stopped.
2018-12-22 08:49:19,062 ec_base ERROR Invoking on_shutdown() for each RTC failed.
