2018-12-22 08:49:21,185 manager INFO 1.1.0
2018-12-22 08:49:21,186 manager INFO Copyright (C) 2003-2010
2018-12-22 08:49:21,186 manager INFO   Noriaki Ando
2018-12-22 08:49:21,186 manager INFO   Intelligent Systems Research Institute, AIST
2018-12-22 08:49:21,186 manager INFO Manager starting.
2018-12-22 08:49:21,186 manager INFO Starting local logging.
2018-12-22 08:49:21,188 manager.namingmanager INFO NameServer connection succeeded: corba/localhost
2018-12-22 08:49:21,190 ManagerServant INFO Master manager not found
2018-12-22 08:49:21,190 LocalServiceAdmin INFO All the local services are enabled.
2018-12-22 08:49:21,193 manager INFO Component type conf file: Deep_LearningRTC.conf loaded.
2018-12-22 08:49:21,194 ec_base INFO setRate(1000000.000000) done
2018-12-22 08:49:21,194 ec_base INFO setRate(1000.000000) done
2018-12-22 08:49:21,194 rtobject INFO 1 execution context was created.
2018-12-22 08:49:21,197 rtobject INFO Initial active configuration set is default.
2018-12-22 08:49:30,369 SdoServiceAdmin WARNING No available SDO service in the factory: 
2018-12-22 08:49:30,369 SdoServiceAdmin ERROR type  already exists.
2018-12-22 08:49:30,372 SdoServiceAdmin WARNING No available SDO service in the factory: IDL:OpenRTM/ComponentObserver:1.0
2018-12-22 08:49:30,372 SdoServiceAdmin ERROR type c65b4af1-7535-4fa4-bdfc-3c2ba9175b77 already exists.
2018-12-22 08:50:09,474 ec_base WARNING The component is not responding.
2018-12-22 08:50:09,475 ec_base ERROR Unknown error: Invalid state transition.
2018-12-22 08:50:10,006 inString WARNING buffer empty
2018-12-22 08:50:10,126 inString WARNING buffer empty
2018-12-22 08:50:10,244 inString WARNING buffer empty
2018-12-22 08:50:10,367 inString WARNING buffer empty
2018-12-22 08:50:10,499 inString WARNING buffer empty
2018-12-22 08:50:10,618 inString WARNING buffer empty
2018-12-22 08:50:10,736 inString WARNING buffer empty
2018-12-22 08:50:10,852 inString WARNING buffer empty
2018-12-22 08:50:10,970 inString WARNING buffer empty
2018-12-22 08:50:11,086 inString WARNING buffer empty
2018-12-22 08:50:11,202 inString WARNING buffer empty
2018-12-22 08:50:11,317 inString WARNING buffer empty
2018-12-22 08:50:11,432 inString WARNING buffer empty
2018-12-22 08:50:11,551 inString WARNING buffer empty
2018-12-22 08:50:11,670 inString WARNING buffer empty
2018-12-22 08:50:11,788 inString WARNING buffer empty
2018-12-22 08:50:11,902 inString WARNING buffer empty
2018-12-22 08:50:12,017 inString WARNING buffer empty
2018-12-22 08:50:12,132 inString WARNING buffer empty
2018-12-22 08:50:12,251 inString WARNING buffer empty
2018-12-22 08:50:12,367 inString WARNING buffer empty
2018-12-22 08:50:12,483 inString WARNING buffer empty
2018-12-22 08:50:12,603 inString WARNING buffer empty
2018-12-22 08:50:12,722 inString WARNING buffer empty
2018-12-22 08:50:12,839 inString WARNING buffer empty
2018-12-22 08:50:12,955 inString WARNING buffer empty
2018-12-22 08:50:13,072 inString WARNING buffer empty
2018-12-22 08:50:13,187 inString WARNING buffer empty
2018-12-22 08:50:13,305 inString WARNING buffer empty
2018-12-22 08:50:13,419 inString WARNING buffer empty
2018-12-22 08:50:13,538 inString WARNING buffer empty
2018-12-22 08:50:13,656 inString WARNING buffer empty
2018-12-22 08:50:13,773 inString WARNING buffer empty
2018-12-22 08:50:13,889 inString WARNING buffer empty
2018-12-22 08:50:14,003 inString WARNING buffer empty
2018-12-22 08:50:14,127 inString WARNING buffer empty
2018-12-22 08:50:14,243 inString WARNING buffer empty
2018-12-22 08:50:14,362 inString WARNING buffer empty
2018-12-22 08:50:14,476 inString WARNING buffer empty
2018-12-22 08:50:14,595 inString WARNING buffer empty
2018-12-22 08:50:14,711 inString WARNING buffer empty
2018-12-22 08:50:14,827 inString WARNING buffer empty
2018-12-22 08:50:14,945 inString WARNING buffer empty
2018-12-22 08:50:15,064 inString WARNING buffer empty
2018-12-22 08:50:15,186 inString WARNING buffer empty
2018-12-22 08:50:15,301 inString WARNING buffer empty
2018-12-22 08:50:15,417 inString WARNING buffer empty
2018-12-22 08:50:15,533 inString WARNING buffer empty
2018-12-22 08:50:15,652 inString WARNING buffer empty
2018-12-22 08:50:15,771 inString WARNING buffer empty
2018-12-22 08:50:15,891 inString WARNING buffer empty
2018-12-22 08:50:16,009 inString WARNING buffer empty
2018-12-22 08:50:16,126 inString WARNING buffer empty
2018-12-22 08:50:16,242 inString WARNING buffer empty
2018-12-22 08:50:16,357 inString WARNING buffer empty
2018-12-22 08:50:16,472 inString WARNING buffer empty
2018-12-22 08:50:16,595 inString WARNING buffer empty
2018-12-22 08:50:16,712 inString WARNING buffer empty
2018-12-22 08:50:16,828 inString WARNING buffer empty
2018-12-22 08:50:16,946 inString WARNING buffer empty
2018-12-22 08:50:17,064 inString WARNING buffer empty
2018-12-22 08:50:17,180 inString WARNING buffer empty
2018-12-22 08:50:17,295 inString WARNING buffer empty
2018-12-22 08:50:17,412 inString WARNING buffer empty
2018-12-22 08:50:17,534 inString WARNING buffer empty
2018-12-22 08:50:17,655 inString WARNING buffer empty
2018-12-22 08:50:17,772 inString WARNING buffer empty
2018-12-22 08:50:17,888 inString WARNING buffer empty
2018-12-22 08:50:18,004 inString WARNING buffer empty
2018-12-22 08:50:18,119 inString WARNING buffer empty
2018-12-22 08:50:18,238 inString WARNING buffer empty
2018-12-22 08:50:18,357 inString WARNING buffer empty
2018-12-22 08:50:18,472 inString WARNING buffer empty
2018-12-22 08:50:18,588 inString WARNING buffer empty
2018-12-22 08:50:18,702 inString WARNING buffer empty
2018-12-22 08:50:18,821 inString WARNING buffer empty
2018-12-22 08:50:18,937 inString WARNING buffer empty
2018-12-22 08:50:19,054 inString WARNING buffer empty
2018-12-22 08:50:19,171 inString WARNING buffer empty
2018-12-22 08:50:19,286 inString WARNING buffer empty
2018-12-22 08:50:19,401 inString WARNING buffer empty
2018-12-22 08:50:19,519 inString WARNING buffer empty
2018-12-22 08:50:19,639 inString WARNING buffer empty
2018-12-22 08:50:19,756 inString WARNING buffer empty
2018-12-22 08:50:19,870 inString WARNING buffer empty
2018-12-22 08:50:19,985 inString WARNING buffer empty
2018-12-22 08:50:20,104 inString WARNING buffer empty
2018-12-22 08:50:20,219 inString WARNING buffer empty
2018-12-22 08:50:20,334 inString WARNING buffer empty
2018-12-22 08:50:20,454 inString WARNING buffer empty
2018-12-22 08:50:20,573 inString WARNING buffer empty
2018-12-22 08:50:20,690 inString WARNING buffer empty
2018-12-22 08:50:20,808 inString WARNING buffer empty
2018-12-22 08:50:20,923 inString WARNING buffer empty
2018-12-22 08:50:21,042 inString WARNING buffer empty
2018-12-22 08:50:21,159 inString WARNING buffer empty
2018-12-22 08:50:21,276 inString WARNING buffer empty
2018-12-22 08:50:21,392 inString WARNING buffer empty
2018-12-22 08:50:21,513 inString WARNING buffer empty
2018-12-22 08:50:21,635 inString WARNING buffer empty
2018-12-22 08:50:21,754 inString WARNING buffer empty
2018-12-22 08:50:21,871 inString WARNING buffer empty
2018-12-22 08:50:21,987 inString WARNING buffer empty
2018-12-22 08:50:22,104 inString WARNING buffer empty
2018-12-22 08:50:22,221 inString WARNING buffer empty
2018-12-22 08:50:22,337 inString WARNING buffer empty
2018-12-22 08:50:22,453 inString WARNING buffer empty
2018-12-22 08:50:22,571 inString WARNING buffer empty
2018-12-22 08:50:22,687 inString WARNING buffer empty
2018-12-22 08:50:22,802 inString WARNING buffer empty
2018-12-22 08:50:22,919 inString WARNING buffer empty
2018-12-22 08:50:23,035 inString WARNING buffer empty
2018-12-22 08:50:23,149 inString WARNING buffer empty
2018-12-22 08:50:23,266 inString WARNING buffer empty
2018-12-22 08:50:23,382 inString WARNING buffer empty
2018-12-22 08:50:23,498 inString WARNING buffer empty
2018-12-22 08:50:23,617 inString WARNING buffer empty
2018-12-22 08:50:23,734 inString WARNING buffer empty
2018-12-22 08:50:23,850 inString WARNING buffer empty
2018-12-22 08:50:23,966 inString WARNING buffer empty
2018-12-22 08:50:24,082 inString WARNING buffer empty
2018-12-22 08:50:24,197 inString WARNING buffer empty
2018-12-22 08:50:24,313 inString WARNING buffer empty
2018-12-22 08:50:24,428 inString WARNING buffer empty
2018-12-22 08:50:24,543 inString WARNING buffer empty
2018-12-22 08:50:24,661 inString WARNING buffer empty
2018-12-22 08:50:24,777 inString WARNING buffer empty
2018-12-22 08:50:24,894 inString WARNING buffer empty
2018-12-22 08:50:25,008 inString WARNING buffer empty
2018-12-22 08:50:25,125 inString WARNING buffer empty
2018-12-22 08:50:25,241 inString WARNING buffer empty
2018-12-22 08:50:25,363 inString WARNING buffer empty
2018-12-22 08:50:25,481 inString WARNING buffer empty
2018-12-22 08:50:25,599 inString WARNING buffer empty
2018-12-22 08:50:25,717 inString WARNING buffer empty
2018-12-22 08:50:25,835 inString WARNING buffer empty
2018-12-22 08:50:25,954 inString WARNING buffer empty
2018-12-22 08:50:26,072 inString WARNING buffer empty
2018-12-22 08:50:26,195 inString WARNING buffer empty
2018-12-22 08:50:26,311 inString WARNING buffer empty
2018-12-22 08:50:26,425 inString WARNING buffer empty
2018-12-22 08:50:26,542 inString WARNING buffer empty
2018-12-22 08:50:26,666 inString WARNING buffer empty
2018-12-22 08:50:26,780 inString WARNING buffer empty
2018-12-22 08:50:26,899 inString WARNING buffer empty
2018-12-22 08:50:27,015 inString WARNING buffer empty
2018-12-22 08:50:27,135 inString WARNING buffer empty
2018-12-22 08:50:27,251 inString WARNING buffer empty
2018-12-22 08:50:27,368 inString WARNING buffer empty
2018-12-22 08:50:27,485 inString WARNING buffer empty
2018-12-22 08:50:27,605 inString WARNING buffer empty
2018-12-22 08:50:27,723 inString WARNING buffer empty
2018-12-22 08:50:27,841 inString WARNING buffer empty
2018-12-22 08:50:27,959 inString WARNING buffer empty
2018-12-22 08:50:28,076 inString WARNING buffer empty
2018-12-22 08:50:28,192 inString WARNING buffer empty
2018-12-22 08:50:28,308 inString WARNING buffer empty
2018-12-22 08:50:28,424 inString WARNING buffer empty
2018-12-22 08:50:28,541 inString WARNING buffer empty
2018-12-22 08:50:28,665 inString WARNING buffer empty
2018-12-22 08:50:28,783 inString WARNING buffer empty
2018-12-22 08:50:28,903 inString WARNING buffer empty
2018-12-22 08:50:29,023 inString WARNING buffer empty
2018-12-22 08:50:29,140 inString WARNING buffer empty
2018-12-22 08:50:29,264 inString WARNING buffer empty
2018-12-22 08:50:29,383 inString WARNING buffer empty
2018-12-22 08:50:29,500 inString WARNING buffer empty
2018-12-22 08:50:29,617 inString WARNING buffer empty
2018-12-22 08:50:29,732 inString WARNING buffer empty
2018-12-22 08:50:29,848 inString WARNING buffer empty
2018-12-22 08:50:29,968 inString WARNING buffer empty
2018-12-22 08:50:30,084 inString WARNING buffer empty
2018-12-22 08:50:30,203 inString WARNING buffer empty
2018-12-22 08:50:30,322 inString WARNING buffer empty
2018-12-22 08:50:30,441 inString WARNING buffer empty
2018-12-22 08:50:30,561 inString WARNING buffer empty
2018-12-22 08:50:30,681 inString WARNING buffer empty
2018-12-22 08:50:30,795 inString WARNING buffer empty
2018-12-22 08:50:30,911 inString WARNING buffer empty
2018-12-22 08:50:31,029 inString WARNING buffer empty
2018-12-22 08:50:31,146 inString WARNING buffer empty
2018-12-22 08:50:31,263 inString WARNING buffer empty
2018-12-22 08:50:31,377 inString WARNING buffer empty
2018-12-22 08:50:31,495 inString WARNING buffer empty
2018-12-22 08:50:31,614 inString WARNING buffer empty
2018-12-22 08:50:31,733 inString WARNING buffer empty
2018-12-22 08:50:31,847 inString WARNING buffer empty
2018-12-22 08:50:31,961 inString WARNING buffer empty
2018-12-22 08:50:32,078 inString WARNING buffer empty
2018-12-22 08:50:32,197 inString WARNING buffer empty
2018-12-22 08:50:32,319 inString WARNING buffer empty
2018-12-22 08:50:32,436 inString WARNING buffer empty
2018-12-22 08:50:32,555 inString WARNING buffer empty
2018-12-22 08:50:32,677 inString WARNING buffer empty
2018-12-22 08:50:32,796 inString WARNING buffer empty
2018-12-22 08:50:32,912 inString WARNING buffer empty
2018-12-22 08:50:33,030 inString WARNING buffer empty
2018-12-22 08:50:33,146 inString WARNING buffer empty
2018-12-22 08:50:33,262 inString WARNING buffer empty
2018-12-22 08:50:33,381 inString WARNING buffer empty
2018-12-22 08:50:33,499 inString WARNING buffer empty
2018-12-22 08:50:33,617 inString WARNING buffer empty
2018-12-22 08:50:33,734 inString WARNING buffer empty
2018-12-22 08:50:33,851 inString WARNING buffer empty
2018-12-22 08:50:33,971 inString WARNING buffer empty
2018-12-22 08:50:34,088 inString WARNING buffer empty
2018-12-22 08:50:34,206 inString WARNING buffer empty
2018-12-22 08:50:34,326 inString WARNING buffer empty
2018-12-22 08:50:34,442 inString WARNING buffer empty
2018-12-22 08:50:34,558 inString WARNING buffer empty
2018-12-22 08:50:34,681 inString WARNING buffer empty
2018-12-22 08:50:34,798 inString WARNING buffer empty
2018-12-22 08:50:34,921 inString WARNING buffer empty
2018-12-22 08:50:35,037 inString WARNING buffer empty
2018-12-22 08:50:35,155 inString WARNING buffer empty
2018-12-22 08:50:35,269 inString WARNING buffer empty
2018-12-22 08:50:35,387 inString WARNING buffer empty
2018-12-22 08:50:35,503 inString WARNING buffer empty
2018-12-22 08:50:35,621 inString WARNING buffer empty
2018-12-22 08:50:35,736 inString WARNING buffer empty
2018-12-22 08:50:35,854 inString WARNING buffer empty
2018-12-22 08:50:35,972 inString WARNING buffer empty
2018-12-22 08:50:36,089 inString WARNING buffer empty
2018-12-22 08:50:36,207 inString WARNING buffer empty
2018-12-22 08:50:36,324 inString WARNING buffer empty
2018-12-22 08:50:36,439 inString WARNING buffer empty
2018-12-22 08:50:36,556 inString WARNING buffer empty
2018-12-22 08:50:36,674 inString WARNING buffer empty
2018-12-22 08:50:36,788 inString WARNING buffer empty
2018-12-22 08:50:36,904 inString WARNING buffer empty
2018-12-22 08:50:37,021 inString WARNING buffer empty
2018-12-22 08:50:37,137 inString WARNING buffer empty
2018-12-22 08:50:37,256 inString WARNING buffer empty
2018-12-22 08:50:37,372 inString WARNING buffer empty
2018-12-22 08:50:37,485 inString WARNING buffer empty
2018-12-22 08:50:37,603 inString WARNING buffer empty
2018-12-22 08:50:37,722 inString WARNING buffer empty
2018-12-22 08:50:37,841 inString WARNING buffer empty
2018-12-22 08:50:37,956 inString WARNING buffer empty
2018-12-22 08:50:38,074 inString WARNING buffer empty
2018-12-22 08:50:38,190 inString WARNING buffer empty
2018-12-22 08:50:38,307 inString WARNING buffer empty
2018-12-22 08:50:38,425 inString WARNING buffer empty
2018-12-22 08:50:38,542 inString WARNING buffer empty
2018-12-22 08:50:38,659 inString WARNING buffer empty
2018-12-22 08:50:38,776 inString WARNING buffer empty
2018-12-22 08:50:38,891 inString WARNING buffer empty
2018-12-22 08:50:39,011 inString WARNING buffer empty
2018-12-22 08:50:39,128 inString WARNING buffer empty
2018-12-22 08:50:39,243 inString WARNING buffer empty
2018-12-22 08:50:39,359 inString WARNING buffer empty
2018-12-22 08:50:39,478 inString WARNING buffer empty
2018-12-22 08:50:39,596 inString WARNING buffer empty
2018-12-22 08:50:39,712 inString WARNING buffer empty
2018-12-22 08:50:39,831 inString WARNING buffer empty
2018-12-22 08:50:39,948 inString WARNING buffer empty
2018-12-22 08:50:40,066 inString WARNING buffer empty
2018-12-22 08:50:40,181 inString WARNING buffer empty
2018-12-22 08:50:40,296 inString WARNING buffer empty
2018-12-22 08:50:40,415 inString WARNING buffer empty
2018-12-22 08:50:40,536 inString WARNING buffer empty
2018-12-22 08:50:40,655 inString WARNING buffer empty
2018-12-22 08:50:40,773 inString WARNING buffer empty
2018-12-22 08:50:40,890 inString WARNING buffer empty
2018-12-22 08:50:41,005 inString WARNING buffer empty
2018-12-22 08:50:41,121 inString WARNING buffer empty
2018-12-22 08:50:41,240 inString WARNING buffer empty
2018-12-22 08:50:41,360 inString WARNING buffer empty
2018-12-22 08:50:41,477 inString WARNING buffer empty
2018-12-22 08:50:41,593 inString WARNING buffer empty
2018-12-22 08:50:41,712 inString WARNING buffer empty
2018-12-22 08:50:41,828 inString WARNING buffer empty
2018-12-22 08:50:41,944 inString WARNING buffer empty
2018-12-22 08:50:42,066 inString WARNING buffer empty
2018-12-22 08:50:42,185 inString WARNING buffer empty
2018-12-22 08:50:42,302 inString WARNING buffer empty
2018-12-22 08:50:42,420 inString WARNING buffer empty
2018-12-22 08:50:42,536 inString WARNING buffer empty
2018-12-22 08:50:42,653 inString WARNING buffer empty
2018-12-22 08:50:42,770 inString WARNING buffer empty
2018-12-22 08:50:42,889 inString WARNING buffer empty
2018-12-22 08:50:43,005 inString WARNING buffer empty
2018-12-22 08:50:43,120 inString WARNING buffer empty
2018-12-22 08:50:43,236 inString WARNING buffer empty
2018-12-22 08:50:43,353 inString WARNING buffer empty
2018-12-22 08:50:43,469 inString WARNING buffer empty
2018-12-22 08:50:43,594 inString WARNING buffer empty
2018-12-22 08:50:43,709 inString WARNING buffer empty
2018-12-22 08:50:43,826 inString WARNING buffer empty
2018-12-22 08:50:43,942 inString WARNING buffer empty
2018-12-22 08:50:44,060 inString WARNING buffer empty
2018-12-22 08:50:44,177 inString WARNING buffer empty
2018-12-22 08:50:44,294 inString WARNING buffer empty
2018-12-22 08:50:44,409 inString WARNING buffer empty
2018-12-22 08:50:44,525 inString WARNING buffer empty
2018-12-22 08:50:44,646 inString WARNING buffer empty
2018-12-22 08:50:44,763 inString WARNING buffer empty
2018-12-22 08:50:44,879 inString WARNING buffer empty
2018-12-22 08:50:44,995 inString WARNING buffer empty
2018-12-22 08:50:45,113 inString WARNING buffer empty
2018-12-22 08:50:45,230 inString WARNING buffer empty
2018-12-22 08:50:45,346 inString WARNING buffer empty
2018-12-22 08:50:45,461 inString WARNING buffer empty
2018-12-22 08:50:45,583 inString WARNING buffer empty
2018-12-22 08:50:45,701 inString WARNING buffer empty
2018-12-22 08:50:45,821 inString WARNING buffer empty
2018-12-22 08:50:45,940 inString WARNING buffer empty
2018-12-22 08:50:46,058 inString WARNING buffer empty
2018-12-22 08:50:46,174 inString WARNING buffer empty
2018-12-22 08:50:46,291 inString WARNING buffer empty
2018-12-22 08:50:46,407 inString WARNING buffer empty
2018-12-22 08:50:46,524 inString WARNING buffer empty
2018-12-22 08:50:46,643 inString WARNING buffer empty
2018-12-22 08:50:46,761 inString WARNING buffer empty
2018-12-22 08:50:46,877 inString WARNING buffer empty
2018-12-22 08:50:46,998 inString WARNING buffer empty
2018-12-22 08:50:47,114 inString WARNING buffer empty
2018-12-22 08:50:47,231 inString WARNING buffer empty
2018-12-22 08:50:47,350 inString WARNING buffer empty
2018-12-22 08:50:47,469 inString WARNING buffer empty
2018-12-22 08:50:47,592 inString WARNING buffer empty
2018-12-22 08:50:47,712 inString WARNING buffer empty
2018-12-22 08:50:47,828 inString WARNING buffer empty
2018-12-22 08:50:47,947 inString WARNING buffer empty
2018-12-22 08:50:48,062 inString WARNING buffer empty
2018-12-22 08:50:48,179 inString WARNING buffer empty
2018-12-22 08:50:48,294 inString WARNING buffer empty
2018-12-22 08:50:48,414 inString WARNING buffer empty
2018-12-22 08:50:48,536 inString WARNING buffer empty
2018-12-22 08:50:48,654 inString WARNING buffer empty
2018-12-22 08:50:48,770 inString WARNING buffer empty
2018-12-22 08:50:48,887 inString WARNING buffer empty
2018-12-22 08:50:49,005 inString WARNING buffer empty
2018-12-22 08:50:49,123 inString WARNING buffer empty
2018-12-22 08:50:49,239 inString WARNING buffer empty
2018-12-22 08:50:49,355 inString WARNING buffer empty
2018-12-22 08:50:49,471 inString WARNING buffer empty
2018-12-22 08:50:49,593 inString WARNING buffer empty
2018-12-22 08:50:49,714 inString WARNING buffer empty
2018-12-22 08:50:49,832 inString WARNING buffer empty
2018-12-22 08:50:49,948 inString WARNING buffer empty
2018-12-22 08:50:50,067 inString WARNING buffer empty
2018-12-22 08:50:50,185 inString WARNING buffer empty
2018-12-22 08:50:50,305 inString WARNING buffer empty
2018-12-22 08:50:50,421 inString WARNING buffer empty
2018-12-22 08:50:50,538 inString WARNING buffer empty
2018-12-22 08:50:50,661 inString WARNING buffer empty
2018-12-22 08:50:50,785 inString WARNING buffer empty
2018-12-22 08:50:50,905 inString WARNING buffer empty
2018-12-22 08:50:51,026 inString WARNING buffer empty
2018-12-22 08:50:51,143 inString WARNING buffer empty
2018-12-22 08:50:51,268 inString WARNING buffer empty
2018-12-22 08:50:51,386 inString WARNING buffer empty
2018-12-22 08:50:51,503 inString WARNING buffer empty
2018-12-22 08:50:51,623 inString WARNING buffer empty
2018-12-22 08:50:51,741 inString WARNING buffer empty
2018-12-22 08:50:51,857 inString WARNING buffer empty
2018-12-22 08:50:51,976 inString WARNING buffer empty
2018-12-22 08:50:52,092 inString WARNING buffer empty
2018-12-22 08:50:52,209 inString WARNING buffer empty
2018-12-22 08:50:52,329 inString WARNING buffer empty
2018-12-22 08:50:52,450 inString WARNING buffer empty
2018-12-22 08:50:52,566 inString WARNING buffer empty
2018-12-22 08:50:52,686 inString WARNING buffer empty
2018-12-22 08:50:52,802 inString WARNING buffer empty
2018-12-22 08:50:52,919 inString WARNING buffer empty
2018-12-22 08:50:53,037 inString WARNING buffer empty
2018-12-22 08:50:53,156 inString WARNING buffer empty
2018-12-22 08:50:53,273 inString WARNING buffer empty
2018-12-22 08:50:53,392 inString WARNING buffer empty
2018-12-22 08:50:53,508 inString WARNING buffer empty
2018-12-22 08:50:53,629 inString WARNING buffer empty
2018-12-22 08:50:53,747 inString WARNING buffer empty
2018-12-22 08:50:53,866 inString WARNING buffer empty
2018-12-22 08:50:53,981 inString WARNING buffer empty
2018-12-22 08:50:54,104 inString WARNING buffer empty
2018-12-22 08:50:54,220 inString WARNING buffer empty
2018-12-22 08:50:54,338 inString WARNING buffer empty
2018-12-22 08:50:54,455 inString WARNING buffer empty
2018-12-22 08:50:54,572 inString WARNING buffer empty
2018-12-22 08:50:54,689 inString WARNING buffer empty
2018-12-22 08:50:54,805 inString WARNING buffer empty
2018-12-22 08:50:54,924 inString WARNING buffer empty
2018-12-22 08:50:55,040 inString WARNING buffer empty
2018-12-22 08:50:55,159 inString WARNING buffer empty
2018-12-22 08:50:55,275 inString WARNING buffer empty
2018-12-22 08:50:55,390 inString WARNING buffer empty
2018-12-22 08:50:55,506 inString WARNING buffer empty
2018-12-22 08:50:55,626 inString WARNING buffer empty
2018-12-22 08:50:55,745 inString WARNING buffer empty
2018-12-22 08:50:55,863 inString WARNING buffer empty
2018-12-22 08:50:55,987 inString WARNING buffer empty
2018-12-22 08:50:56,106 inString WARNING buffer empty
2018-12-22 08:50:56,223 inString WARNING buffer empty
2018-12-22 08:50:56,336 inString WARNING buffer empty
2018-12-22 08:50:56,456 inString WARNING buffer empty
2018-12-22 08:50:56,573 inString WARNING buffer empty
2018-12-22 08:50:56,689 inString WARNING buffer empty
2018-12-22 08:50:56,807 inString WARNING buffer empty
2018-12-22 08:50:56,923 inString WARNING buffer empty
2018-12-22 08:50:57,041 inString WARNING buffer empty
2018-12-22 08:50:57,157 inString WARNING buffer empty
2018-12-22 08:50:57,274 inString WARNING buffer empty
2018-12-22 08:50:57,392 inString WARNING buffer empty
2018-12-22 08:50:57,512 inString WARNING buffer empty
2018-12-22 08:50:57,636 inString WARNING buffer empty
2018-12-22 08:50:57,754 inString WARNING buffer empty
2018-12-22 08:50:57,873 inString WARNING buffer empty
2018-12-22 08:50:57,995 inString WARNING buffer empty
2018-12-22 08:50:58,111 inString WARNING buffer empty
2018-12-22 08:50:58,231 inString WARNING buffer empty
2018-12-22 08:50:58,347 inString WARNING buffer empty
2018-12-22 08:50:58,464 inString WARNING buffer empty
2018-12-22 08:50:58,582 inString WARNING buffer empty
2018-12-22 08:50:58,697 inString WARNING buffer empty
2018-12-22 08:50:58,819 inString WARNING buffer empty
2018-12-22 08:50:58,939 inString WARNING buffer empty
2018-12-22 08:50:59,056 inString WARNING buffer empty
2018-12-22 08:50:59,176 inString WARNING buffer empty
2018-12-22 08:50:59,295 inString WARNING buffer empty
2018-12-22 08:50:59,411 inString WARNING buffer empty
2018-12-22 08:50:59,537 inString WARNING buffer empty
2018-12-22 08:50:59,660 inString WARNING buffer empty
2018-12-22 08:50:59,783 inString WARNING buffer empty
2018-12-22 08:50:59,901 inString WARNING buffer empty
2018-12-22 08:51:00,021 inString WARNING buffer empty
2018-12-22 08:51:00,137 inString WARNING buffer empty
2018-12-22 08:51:00,254 inString WARNING buffer empty
2018-12-22 08:51:00,370 inString WARNING buffer empty
2018-12-22 08:51:00,487 inString WARNING buffer empty
2018-12-22 08:51:00,604 inString WARNING buffer empty
2018-12-22 08:51:00,724 inString WARNING buffer empty
2018-12-22 08:51:00,842 inString WARNING buffer empty
2018-12-22 08:51:00,959 inString WARNING buffer empty
2018-12-22 08:51:01,077 inString WARNING buffer empty
2018-12-22 08:51:01,195 inString WARNING buffer empty
2018-12-22 08:51:01,312 inString WARNING buffer empty
2018-12-22 08:51:01,428 inString WARNING buffer empty
2018-12-22 08:51:01,552 inString WARNING buffer empty
2018-12-22 08:51:01,676 inString WARNING buffer empty
2018-12-22 08:51:01,793 inString WARNING buffer empty
2018-12-22 08:51:01,909 inString WARNING buffer empty
2018-12-22 08:51:02,026 inString WARNING buffer empty
2018-12-22 08:51:02,146 inString WARNING buffer empty
2018-12-22 08:51:02,261 inString WARNING buffer empty
2018-12-22 08:51:02,378 inString WARNING buffer empty
2018-12-22 08:51:02,494 inString WARNING buffer empty
2018-12-22 08:51:02,603 rtobject ERROR Traceback (most recent call last):
  File "/usr/lib/python2.7/dist-packages/OpenRTM_aist/RTObject.py", line 1560, in on_execute
    ret = self.onExecute(ec_id)
  File "Deep_LearningRTC.py", line 389, in onExecute
    objParam = detect(net, img, readData, self._CLASSES, self._recognitionRate[0])
  File "Deep_LearningRTC.py", line 135, in detect
    self._d_outFlag.data = 1;
NameError: global name 'self' is not defined

2018-12-22 08:51:12,699 ec_worker ERROR State of the RTC is not ACTIVE_STATE.
2018-12-22 08:53:14,579 ec_worker ERROR State of the RTC is not ACTIVE_STATE.
2018-12-22 08:53:14,586 ec_worker WARNING ExecutionContext is already stopped.
2018-12-22 08:53:14,586 ec_base ERROR Invoking on_shutdown() for each RTC failed.
