[0m[34mDec 25 02:25:03.090 INFO: manager: [0m1.1.2
[0m[34mDec 25 02:25:03.091 INFO: manager: [0mCopyright (C) 2003-2014
[0m[34mDec 25 02:25:03.091 INFO: manager: [0m  Noriaki Ando
[0m[34mDec 25 02:25:03.091 INFO: manager: [0m  Intelligent Systems Research Institute, AIST
[0m[34mDec 25 02:25:03.091 INFO: manager: [0mManager starting.
[0m[34mDec 25 02:25:03.091 INFO: manager: [0mStarting local logging.
[0m[33mDec 25 02:25:03.099 WARNING: NamingOnCorba: [0mNo endpoint for the CORBA naming service (localhost) was found.
[0m[34mDec 25 02:25:03.099 INFO: NamingManager: [0mNameServer connection succeeded: corba/localhost
[0m[34mDec 25 02:25:03.099 INFO: ManagerServant: [0mMaster manager not found
[0m[33mDec 25 02:25:07.436 WARNING: SdoServiceAdmin: [0mNo available SDO service in the factory: 
[0m[33mDec 25 02:25:07.438 WARNING: SdoServiceAdmin: [0mNo available SDO service in the factory: IDL:OpenRTM/ComponentObserver:1.0
[0m[34mDec 25 02:25:16.461 INFO: ManipulatorCommonInterface_Common: [0minterface matched with old descriptor: port.JARA_ARM::ManipulatorCommonInterface_Common.ManipulatorCommonInterface_Common
[0m[34mDec 25 02:25:25.046 INFO: ManipulatorCommonInterface_Middle: [0minterface matched with old descriptor: port.JARA_ARM::ManipulatorCommonInterface_Middle.ManipulatorCommonInterface_Middle
[0m[35mDec 25 04:04:29.515 ERROR: periodic_ec: [0mThe component is not responding.
[0m[35mDec 25 04:04:29.515 ERROR: periodic_ec: [0mThe component could not be deactivated.
[0m[35mDec 25 04:04:39.733 ERROR: periodic_ec: [0mThe component is not responding.
[0m[35mDec 25 04:04:39.733 ERROR: periodic_ec: [0mThe component could not be deactivated.
[0m[35mDec 25 04:04:49.952 ERROR: periodic_ec: [0mThe component is not responding.
[0m[35mDec 25 04:04:49.952 ERROR: periodic_ec: [0mThe component could not be deactivated.
[0m[34mDec 25 04:07:09.167 INFO: ManipulatorCommonInterface_Common: [0minterface matched with old descriptor: port.JARA_ARM::ManipulatorCommonInterface_Common.ManipulatorCommonInterface_Common
[0m[34mDec 25 04:07:09.167 INFO: ManipulatorCommonInterface_Middle: [0minterface matched with old descriptor: port.JARA_ARM::ManipulatorCommonInterface_Middle.ManipulatorCommonInterface_Middle
