Determining if the pthread_create exist failed with the following output:
Change Dir: /home/rsdlab/workspace/ReadString/build/CMakeFiles/CMakeTmp

Run Build Command:"/usr/bin/make" "cmTC_e051d/fast"
/usr/bin/make -f CMakeFiles/cmTC_e051d.dir/build.make CMakeFiles/cmTC_e051d.dir/build
make[1]: ディレクトリ '/home/rsdlab/workspace/ReadString/build/CMakeFiles/CMakeTmp' に入ります
Building C object CMakeFiles/cmTC_e051d.dir/CheckSymbolExists.c.o
/usr/bin/cc    -fPIC    -o CMakeFiles/cmTC_e051d.dir/CheckSymbolExists.c.o   -c /home/rsdlab/workspace/ReadString/build/CMakeFiles/CMakeTmp/CheckSymbolExists.c
Linking C executable cmTC_e051d
/usr/bin/cmake -E cmake_link_script CMakeFiles/cmTC_e051d.dir/link.txt --verbose=1
/usr/bin/cc  -fPIC     CMakeFiles/cmTC_e051d.dir/CheckSymbolExists.c.o  -o cmTC_e051d -rdynamic 
CMakeFiles/cmTC_e051d.dir/CheckSymbolExists.c.o: 関数 `main' 内:
CheckSymbolExists.c:(.text+0x1b): `pthread_create' に対する定義されていない参照です
collect2: error: ld returned 1 exit status
CMakeFiles/cmTC_e051d.dir/build.make:97: ターゲット 'cmTC_e051d' のレシピで失敗しました
make[1]: *** [cmTC_e051d] エラー 1
make[1]: ディレクトリ '/home/rsdlab/workspace/ReadString/build/CMakeFiles/CMakeTmp' から出ます
Makefile:126: ターゲット 'cmTC_e051d/fast' のレシピで失敗しました
make: *** [cmTC_e051d/fast] エラー 2

File /home/rsdlab/workspace/ReadString/build/CMakeFiles/CMakeTmp/CheckSymbolExists.c:
/* */
#include <pthread.h>

int main(int argc, char** argv)
{
  (void)argv;
#ifndef pthread_create
  return ((int*)(&pthread_create))[argc];
#else
  (void)argc;
  return 0;
#endif
}

Determining if the function pthread_create exists in the pthreads failed with the following output:
Change Dir: /home/rsdlab/workspace/ReadString/build/CMakeFiles/CMakeTmp

Run Build Command:"/usr/bin/make" "cmTC_61b7d/fast"
/usr/bin/make -f CMakeFiles/cmTC_61b7d.dir/build.make CMakeFiles/cmTC_61b7d.dir/build
make[1]: ディレクトリ '/home/rsdlab/workspace/ReadString/build/CMakeFiles/CMakeTmp' に入ります
Building C object CMakeFiles/cmTC_61b7d.dir/CheckFunctionExists.c.o
/usr/bin/cc    -fPIC -DCHECK_FUNCTION_EXISTS=pthread_create   -o CMakeFiles/cmTC_61b7d.dir/CheckFunctionExists.c.o   -c /usr/share/cmake-3.5/Modules/CheckFunctionExists.c
Linking C executable cmTC_61b7d
/usr/bin/cmake -E cmake_link_script CMakeFiles/cmTC_61b7d.dir/link.txt --verbose=1
/usr/bin/cc  -fPIC -DCHECK_FUNCTION_EXISTS=pthread_create    CMakeFiles/cmTC_61b7d.dir/CheckFunctionExists.c.o  -o cmTC_61b7d -rdynamic -lpthreads 
/usr/bin/ld: -lpthreads が見つかりません
collect2: error: ld returned 1 exit status
CMakeFiles/cmTC_61b7d.dir/build.make:97: ターゲット 'cmTC_61b7d' のレシピで失敗しました
make[1]: *** [cmTC_61b7d] エラー 1
make[1]: ディレクトリ '/home/rsdlab/workspace/ReadString/build/CMakeFiles/CMakeTmp' から出ます
Makefile:126: ターゲット 'cmTC_61b7d/fast' のレシピで失敗しました
make: *** [cmTC_61b7d/fast] エラー 2


